<?xml version="1.0" encoding="UTF-8"?>
<testsuite name="job-2024-07-09T08.04-0a78cde" tests="145" errors="0" failures="0" skipped="0" time="6786.982" timestamp="2024-07-09T10:07:36.155729">
	<testcase classname="&lt;unknown&gt;" name="xfstests.py:Xfstests.test" time="5263.413"/>
	<testcase classname="&lt;unknown&gt;" name="fio.py:Fiotest.test" time="10.736"/>
	<testcase classname="&lt;unknown&gt;" name="fio.py:Fiotest.test" time="10.586"/>
	<testcase classname="&lt;unknown&gt;" name="fio.py:Fiotest.test" time="10.538"/>
	<testcase classname="&lt;unknown&gt;" name="fio.py:Fiotest.test" time="10.595"/>
	<testcase classname="&lt;unknown&gt;" name="fio.py:Fiotest.test" time="10.540"/>
	<testcase classname="&lt;unknown&gt;" name="fio.py:Fiotest.test" time="10.586"/>
	<testcase classname="&lt;unknown&gt;" name="fio.py:Fiotest.test" time="10.534"/>
	<testcase classname="&lt;unknown&gt;" name="fio.py:Fiotest.test" time="10.559"/>
	<testcase classname="&lt;unknown&gt;" name="fio.py:Fiotest.test" time="10.536"/>
	<testcase classname="&lt;unknown&gt;" name="fio.py:Fiotest.test" time="10.558"/>
	<testcase classname="&lt;unknown&gt;" name="fio.py:Fiotest.test" time="10.532"/>
	<testcase classname="&lt;unknown&gt;" name="fio.py:Fiotest.test" time="10.585"/>
	<testcase classname="&lt;unknown&gt;" name="fio.py:Fiotest.test" time="10.537"/>
	<testcase classname="&lt;unknown&gt;" name="fio.py:Fiotest.test" time="10.621"/>
	<testcase classname="&lt;unknown&gt;" name="fio.py:Fiotest.test" time="10.564"/>
	<testcase classname="&lt;unknown&gt;" name="fio.py:Fiotest.test" time="10.559"/>
	<testcase classname="&lt;unknown&gt;" name="fio.py:Fiotest.test" time="10.542"/>
	<testcase classname="&lt;unknown&gt;" name="fio.py:Fiotest.test" time="10.591"/>
	<testcase classname="&lt;unknown&gt;" name="fio.py:Fiotest.test" time="10.534"/>
	<testcase classname="&lt;unknown&gt;" name="fio.py:Fiotest.test" time="10.602"/>
	<testcase classname="&lt;unknown&gt;" name="fio.py:Fiotest.test" time="10.543"/>
	<testcase classname="&lt;unknown&gt;" name="fio.py:Fiotest.test" time="10.638"/>
	<testcase classname="&lt;unknown&gt;" name="fio.py:Fiotest.test" time="10.561"/>
	<testcase classname="&lt;unknown&gt;" name="fio.py:Fiotest.test" time="10.643"/>
	<testcase classname="&lt;unknown&gt;" name="fio.py:Fiotest.test" time="10.537"/>
	<testcase classname="&lt;unknown&gt;" name="fio.py:Fiotest.test" time="10.594"/>
	<testcase classname="&lt;unknown&gt;" name="fio.py:Fiotest.test" time="10.537"/>
	<testcase classname="&lt;unknown&gt;" name="fio.py:Fiotest.test" time="10.595"/>
	<testcase classname="&lt;unknown&gt;" name="fio.py:Fiotest.test" time="10.533"/>
	<testcase classname="&lt;unknown&gt;" name="fio.py:Fiotest.test" time="10.589"/>
	<testcase classname="&lt;unknown&gt;" name="fio.py:Fiotest.test" time="10.532"/>
	<testcase classname="&lt;unknown&gt;" name="fio.py:Fiotest.test" time="10.569"/>
	<testcase classname="&lt;unknown&gt;" name="fio.py:Fiotest.test" time="10.532"/>
	<testcase classname="&lt;unknown&gt;" name="fio.py:Fiotest.test" time="10.615"/>
	<testcase classname="&lt;unknown&gt;" name="fio.py:Fiotest.test" time="10.562"/>
	<testcase classname="&lt;unknown&gt;" name="fio.py:Fiotest.test" time="10.640"/>
	<testcase classname="&lt;unknown&gt;" name="fio.py:Fiotest.test" time="10.550"/>
	<testcase classname="&lt;unknown&gt;" name="fio.py:Fiotest.test" time="10.637"/>
	<testcase classname="&lt;unknown&gt;" name="fio.py:Fiotest.test" time="10.591"/>
	<testcase classname="&lt;unknown&gt;" name="fio.py:Fiotest.test" time="10.620"/>
	<testcase classname="&lt;unknown&gt;" name="fio.py:Fiotest.test" time="10.540"/>
	<testcase classname="&lt;unknown&gt;" name="fio.py:Fiotest.test" time="10.593"/>
	<testcase classname="&lt;unknown&gt;" name="fio.py:Fiotest.test" time="10.552"/>
	<testcase classname="&lt;unknown&gt;" name="fio.py:Fiotest.test" time="10.600"/>
	<testcase classname="&lt;unknown&gt;" name="fio.py:Fiotest.test" time="10.559"/>
	<testcase classname="&lt;unknown&gt;" name="fio.py:Fiotest.test" time="10.591"/>
	<testcase classname="&lt;unknown&gt;" name="fio.py:Fiotest.test" time="10.655"/>
	<testcase classname="&lt;unknown&gt;" name="fio.py:Fiotest.test" time="10.717"/>
	<testcase classname="&lt;unknown&gt;" name="fio.py:Fiotest.test" time="10.537"/>
	<testcase classname="&lt;unknown&gt;" name="fio.py:Fiotest.test" time="10.570"/>
	<testcase classname="&lt;unknown&gt;" name="fio.py:Fiotest.test" time="10.541"/>
	<testcase classname="&lt;unknown&gt;" name="fio.py:Fiotest.test" time="10.606"/>
	<testcase classname="&lt;unknown&gt;" name="fio.py:Fiotest.test" time="10.536"/>
	<testcase classname="&lt;unknown&gt;" name="fio.py:Fiotest.test" time="10.577"/>
	<testcase classname="&lt;unknown&gt;" name="fio.py:Fiotest.test" time="10.523"/>
	<testcase classname="&lt;unknown&gt;" name="fio.py:Fiotest.test" time="10.575"/>
	<testcase classname="&lt;unknown&gt;" name="fio.py:Fiotest.test" time="10.535"/>
	<testcase classname="&lt;unknown&gt;" name="fio.py:Fiotest.test" time="10.566"/>
	<testcase classname="&lt;unknown&gt;" name="fio.py:Fiotest.test" time="10.536"/>
	<testcase classname="&lt;unknown&gt;" name="fio.py:Fiotest.test" time="10.632"/>
	<testcase classname="&lt;unknown&gt;" name="fio.py:Fiotest.test" time="10.540"/>
	<testcase classname="&lt;unknown&gt;" name="fio.py:Fiotest.test" time="10.572"/>
	<testcase classname="&lt;unknown&gt;" name="fio.py:Fiotest.test" time="10.531"/>
	<testcase classname="&lt;unknown&gt;" name="fio.py:Fiotest.test" time="10.586"/>
	<testcase classname="&lt;unknown&gt;" name="fio.py:Fiotest.test" time="10.562"/>
	<testcase classname="&lt;unknown&gt;" name="fio.py:Fiotest.test" time="10.582"/>
	<testcase classname="&lt;unknown&gt;" name="fio.py:Fiotest.test" time="10.549"/>
	<testcase classname="&lt;unknown&gt;" name="fio.py:Fiotest.test" time="10.601"/>
	<testcase classname="&lt;unknown&gt;" name="fio.py:Fiotest.test" time="10.561"/>
	<testcase classname="&lt;unknown&gt;" name="fio.py:Fiotest.test" time="10.664"/>
	<testcase classname="&lt;unknown&gt;" name="fio.py:Fiotest.test" time="10.560"/>
	<testcase classname="&lt;unknown&gt;" name="fio.py:Fiotest.test" time="10.614"/>
	<testcase classname="&lt;unknown&gt;" name="fio.py:Fiotest.test" time="10.537"/>
	<testcase classname="&lt;unknown&gt;" name="fio.py:Fiotest.test" time="10.593"/>
	<testcase classname="&lt;unknown&gt;" name="fio.py:Fiotest.test" time="10.551"/>
	<testcase classname="&lt;unknown&gt;" name="fio.py:Fiotest.test" time="10.581"/>
	<testcase classname="&lt;unknown&gt;" name="fio.py:Fiotest.test" time="10.542"/>
	<testcase classname="&lt;unknown&gt;" name="fio.py:Fiotest.test" time="10.600"/>
	<testcase classname="&lt;unknown&gt;" name="fio.py:Fiotest.test" time="10.538"/>
	<testcase classname="&lt;unknown&gt;" name="fio.py:Fiotest.test" time="10.624"/>
	<testcase classname="&lt;unknown&gt;" name="fio.py:Fiotest.test" time="10.572"/>
	<testcase classname="&lt;unknown&gt;" name="fio.py:Fiotest.test" time="10.597"/>
	<testcase classname="&lt;unknown&gt;" name="fio.py:Fiotest.test" time="10.551"/>
	<testcase classname="&lt;unknown&gt;" name="fio.py:Fiotest.test" time="10.616"/>
	<testcase classname="&lt;unknown&gt;" name="fio.py:Fiotest.test" time="10.581"/>
	<testcase classname="&lt;unknown&gt;" name="fio.py:Fiotest.test" time="10.629"/>
	<testcase classname="&lt;unknown&gt;" name="fio.py:Fiotest.test" time="10.545"/>
	<testcase classname="&lt;unknown&gt;" name="fio.py:Fiotest.test" time="10.586"/>
	<testcase classname="&lt;unknown&gt;" name="fio.py:Fiotest.test" time="10.568"/>
	<testcase classname="&lt;unknown&gt;" name="fio.py:Fiotest.test" time="10.590"/>
	<testcase classname="&lt;unknown&gt;" name="fio.py:Fiotest.test" time="10.540"/>
	<testcase classname="&lt;unknown&gt;" name="fio.py:Fiotest.test" time="10.583"/>
	<testcase classname="&lt;unknown&gt;" name="fio.py:Fiotest.test" time="10.548"/>
	<testcase classname="&lt;unknown&gt;" name="fio.py:Fiotest.test" time="10.625"/>
	<testcase classname="&lt;unknown&gt;" name="fio.py:Fiotest.test" time="10.617"/>
	<testcase classname="&lt;unknown&gt;" name="fio.py:Fiotest.test" time="10.719"/>
	<testcase classname="&lt;unknown&gt;" name="fio.py:Fiotest.test" time="10.540"/>
	<testcase classname="&lt;unknown&gt;" name="fio.py:Fiotest.test" time="10.584"/>
	<testcase classname="&lt;unknown&gt;" name="fio.py:Fiotest.test" time="10.536"/>
	<testcase classname="&lt;unknown&gt;" name="fio.py:Fiotest.test" time="10.583"/>
	<testcase classname="&lt;unknown&gt;" name="fio.py:Fiotest.test" time="10.549"/>
	<testcase classname="&lt;unknown&gt;" name="fio.py:Fiotest.test" time="10.587"/>
	<testcase classname="&lt;unknown&gt;" name="fio.py:Fiotest.test" time="10.527"/>
	<testcase classname="&lt;unknown&gt;" name="fio.py:Fiotest.test" time="10.640"/>
	<testcase classname="&lt;unknown&gt;" name="fio.py:Fiotest.test" time="10.550"/>
	<testcase classname="&lt;unknown&gt;" name="fio.py:Fiotest.test" time="10.554"/>
	<testcase classname="&lt;unknown&gt;" name="fio.py:Fiotest.test" time="10.554"/>
	<testcase classname="&lt;unknown&gt;" name="fio.py:Fiotest.test" time="10.555"/>
	<testcase classname="&lt;unknown&gt;" name="fio.py:Fiotest.test" time="10.532"/>
	<testcase classname="&lt;unknown&gt;" name="fio.py:Fiotest.test" time="10.591"/>
	<testcase classname="&lt;unknown&gt;" name="fio.py:Fiotest.test" time="10.533"/>
	<testcase classname="&lt;unknown&gt;" name="fio.py:Fiotest.test" time="10.598"/>
	<testcase classname="&lt;unknown&gt;" name="fio.py:Fiotest.test" time="10.567"/>
	<testcase classname="&lt;unknown&gt;" name="fio.py:Fiotest.test" time="10.571"/>
	<testcase classname="&lt;unknown&gt;" name="fio.py:Fiotest.test" time="10.536"/>
	<testcase classname="&lt;unknown&gt;" name="fio.py:Fiotest.test" time="10.590"/>
	<testcase classname="&lt;unknown&gt;" name="fio.py:Fiotest.test" time="10.547"/>
	<testcase classname="&lt;unknown&gt;" name="fio.py:Fiotest.test" time="10.627"/>
	<testcase classname="&lt;unknown&gt;" name="fio.py:Fiotest.test" time="10.643"/>
	<testcase classname="&lt;unknown&gt;" name="fio.py:Fiotest.test" time="10.660"/>
	<testcase classname="&lt;unknown&gt;" name="fio.py:Fiotest.test" time="10.545"/>
	<testcase classname="&lt;unknown&gt;" name="fio.py:Fiotest.test" time="10.578"/>
	<testcase classname="&lt;unknown&gt;" name="fio.py:Fiotest.test" time="10.567"/>
	<testcase classname="&lt;unknown&gt;" name="fio.py:Fiotest.test" time="10.604"/>
	<testcase classname="&lt;unknown&gt;" name="fio.py:Fiotest.test" time="10.560"/>
	<testcase classname="&lt;unknown&gt;" name="fio.py:Fiotest.test" time="10.599"/>
	<testcase classname="&lt;unknown&gt;" name="fio.py:Fiotest.test" time="10.537"/>
	<testcase classname="&lt;unknown&gt;" name="fio.py:Fiotest.test" time="10.626"/>
	<testcase classname="&lt;unknown&gt;" name="fio.py:Fiotest.test" time="10.548"/>
	<testcase classname="&lt;unknown&gt;" name="fio.py:Fiotest.test" time="10.643"/>
	<testcase classname="&lt;unknown&gt;" name="fio.py:Fiotest.test" time="10.569"/>
	<testcase classname="&lt;unknown&gt;" name="fio.py:Fiotest.test" time="10.638"/>
	<testcase classname="&lt;unknown&gt;" name="fio.py:Fiotest.test" time="10.702"/>
	<testcase classname="&lt;unknown&gt;" name="fio.py:Fiotest.test" time="10.583"/>
	<testcase classname="&lt;unknown&gt;" name="fio.py:Fiotest.test" time="10.547"/>
	<testcase classname="&lt;unknown&gt;" name="fio.py:Fiotest.test" time="10.614"/>
	<testcase classname="&lt;unknown&gt;" name="fio.py:Fiotest.test" time="10.534"/>
	<testcase classname="&lt;unknown&gt;" name="fio.py:Fiotest.test" time="10.585"/>
	<testcase classname="&lt;unknown&gt;" name="fio.py:Fiotest.test" time="10.567"/>
	<testcase classname="&lt;unknown&gt;" name="fio.py:Fiotest.test" time="10.633"/>
	<testcase classname="&lt;unknown&gt;" name="fio.py:Fiotest.test" time="10.545"/>
	<testcase classname="&lt;unknown&gt;" name="fio.py:Fiotest.test" time="10.637"/>
	<testcase classname="&lt;unknown&gt;" name="fio.py:Fiotest.test" time="10.628"/>
	<testcase classname="&lt;unknown&gt;" name="fio.py:Fiotest.test" time="10.676"/>
</testsuite>
