<?xml version="1.0" encoding="UTF-8"?>
<testsuite name="job-2025-08-10T21.33-aa6cbdd" tests="96" errors="0" failures="0" skipped="0" time="48536.326" timestamp="2025-08-11T11:04:08.949236">
	<testcase classname="&lt;unknown&gt;" name="./pcache.py:PcacheTest.test" time="2.160"/>
	<testcase classname="&lt;unknown&gt;" name="./pcache.py:PcacheTest.test" time="13439.185"/>
	<testcase classname="&lt;unknown&gt;" name="./pcache.py:PcacheTest.test" time="309.024"/>
	<testcase classname="&lt;unknown&gt;" name="./pcache.py:PcacheTest.test" time="53.887"/>
	<testcase classname="&lt;unknown&gt;" name="./pcache.py:PcacheTest.test" time="3.759"/>
	<testcase classname="&lt;unknown&gt;" name="./pcache.py:PcacheTest.test" time="218.678"/>
	<testcase classname="&lt;unknown&gt;" name="./pcache.py:PcacheTest.test" time="1.551"/>
	<testcase classname="&lt;unknown&gt;" name="./pcache.py:PcacheTest.test" time="11282.893"/>
	<testcase classname="&lt;unknown&gt;" name="./pcache.py:PcacheTest.test" time="320.312"/>
	<testcase classname="&lt;unknown&gt;" name="./pcache.py:PcacheTest.test" time="65.140"/>
	<testcase classname="&lt;unknown&gt;" name="./pcache.py:PcacheTest.test" time="4.478"/>
	<testcase classname="&lt;unknown&gt;" name="./pcache.py:PcacheTest.test" time="208.020"/>
	<testcase classname="&lt;unknown&gt;" name="./pcache.py:PcacheTest.test" time="4.414"/>
	<testcase classname="&lt;unknown&gt;" name="./pcache.py:PcacheTest.test" time="11157.956"/>
	<testcase classname="&lt;unknown&gt;" name="./pcache.py:PcacheTest.test" time="251.423"/>
	<testcase classname="&lt;unknown&gt;" name="./pcache.py:PcacheTest.test" time="53.341"/>
	<testcase classname="&lt;unknown&gt;" name="./pcache.py:PcacheTest.test" time="3.721"/>
	<testcase classname="&lt;unknown&gt;" name="./pcache.py:PcacheTest.test" time="236.401"/>
	<testcase classname="&lt;unknown&gt;" name="./pcache.py:PcacheTest.test" time="1.488"/>
	<testcase classname="&lt;unknown&gt;" name="./pcache.py:PcacheTest.test" time="10295.200"/>
	<testcase classname="&lt;unknown&gt;" name="./pcache.py:PcacheTest.test" time="299.030"/>
	<testcase classname="&lt;unknown&gt;" name="./pcache.py:PcacheTest.test" time="55.977"/>
	<testcase classname="&lt;unknown&gt;" name="./pcache.py:PcacheTest.test" time="3.730"/>
	<testcase classname="&lt;unknown&gt;" name="./pcache.py:PcacheTest.test" time="220.254"/>
	<testcase classname="&lt;unknown&gt;" name="./pcache.py:PcacheTest.test" time="0.269"/>
	<testcase classname="&lt;unknown&gt;" name="./pcache.py:PcacheTest.test" time="0.661"/>
	<testcase classname="&lt;unknown&gt;" name="./pcache.py:PcacheTest.test" time="0.588"/>
	<testcase classname="&lt;unknown&gt;" name="./pcache.py:PcacheTest.test" time="0.693"/>
	<testcase classname="&lt;unknown&gt;" name="./pcache.py:PcacheTest.test" time="1.184"/>
	<testcase classname="&lt;unknown&gt;" name="./pcache.py:PcacheTest.test" time="0.214"/>
	<testcase classname="&lt;unknown&gt;" name="./pcache.py:PcacheTest.test" time="0.631"/>
	<testcase classname="&lt;unknown&gt;" name="./pcache.py:PcacheTest.test" time="0.587"/>
	<testcase classname="&lt;unknown&gt;" name="./pcache.py:PcacheTest.test" time="0.555"/>
	<testcase classname="&lt;unknown&gt;" name="./pcache.py:PcacheTest.test" time="0.618"/>
	<testcase classname="&lt;unknown&gt;" name="./pcache.py:PcacheTest.test" time="1.153"/>
	<testcase classname="&lt;unknown&gt;" name="./pcache.py:PcacheTest.test" time="0.213"/>
	<testcase classname="&lt;unknown&gt;" name="./pcache.py:PcacheTest.test" time="0.656"/>
	<testcase classname="&lt;unknown&gt;" name="./pcache.py:PcacheTest.test" time="0.614"/>
	<testcase classname="&lt;unknown&gt;" name="./pcache.py:PcacheTest.test" time="0.614"/>
	<testcase classname="&lt;unknown&gt;" name="./pcache.py:PcacheTest.test" time="0.647"/>
	<testcase classname="&lt;unknown&gt;" name="./pcache.py:PcacheTest.test" time="1.027"/>
	<testcase classname="&lt;unknown&gt;" name="./pcache.py:PcacheTest.test" time="0.216"/>
	<testcase classname="&lt;unknown&gt;" name="./pcache.py:PcacheTest.test" time="0.586"/>
	<testcase classname="&lt;unknown&gt;" name="./pcache.py:PcacheTest.test" time="0.555"/>
	<testcase classname="&lt;unknown&gt;" name="./pcache.py:PcacheTest.test" time="0.601"/>
	<testcase classname="&lt;unknown&gt;" name="./pcache.py:PcacheTest.test" time="0.627"/>
	<testcase classname="&lt;unknown&gt;" name="./pcache.py:PcacheTest.test" time="1.139"/>
	<testcase classname="&lt;unknown&gt;" name="./pcache.py:PcacheTest.test" time="0.219"/>
	<testcase classname="&lt;unknown&gt;" name="./pcache.py:PcacheTest.test" time="0.595"/>
	<testcase classname="&lt;unknown&gt;" name="./pcache.py:PcacheTest.test" time="0.590"/>
	<testcase classname="&lt;unknown&gt;" name="./pcache.py:PcacheTest.test" time="0.527"/>
	<testcase classname="&lt;unknown&gt;" name="./pcache.py:PcacheTest.test" time="0.639"/>
	<testcase classname="&lt;unknown&gt;" name="./pcache.py:PcacheTest.test" time="1.074"/>
	<testcase classname="&lt;unknown&gt;" name="./pcache.py:PcacheTest.test" time="0.214"/>
	<testcase classname="&lt;unknown&gt;" name="./pcache.py:PcacheTest.test" time="0.608"/>
	<testcase classname="&lt;unknown&gt;" name="./pcache.py:PcacheTest.test" time="0.606"/>
	<testcase classname="&lt;unknown&gt;" name="./pcache.py:PcacheTest.test" time="0.572"/>
	<testcase classname="&lt;unknown&gt;" name="./pcache.py:PcacheTest.test" time="0.627"/>
	<testcase classname="&lt;unknown&gt;" name="./pcache.py:PcacheTest.test" time="1.103"/>
	<testcase classname="&lt;unknown&gt;" name="./pcache.py:PcacheTest.test" time="0.217"/>
	<testcase classname="&lt;unknown&gt;" name="./pcache.py:PcacheTest.test" time="0.613"/>
	<testcase classname="&lt;unknown&gt;" name="./pcache.py:PcacheTest.test" time="0.580"/>
	<testcase classname="&lt;unknown&gt;" name="./pcache.py:PcacheTest.test" time="0.595"/>
	<testcase classname="&lt;unknown&gt;" name="./pcache.py:PcacheTest.test" time="0.630"/>
	<testcase classname="&lt;unknown&gt;" name="./pcache.py:PcacheTest.test" time="1.098"/>
	<testcase classname="&lt;unknown&gt;" name="./pcache.py:PcacheTest.test" time="0.213"/>
	<testcase classname="&lt;unknown&gt;" name="./pcache.py:PcacheTest.test" time="0.574"/>
	<testcase classname="&lt;unknown&gt;" name="./pcache.py:PcacheTest.test" time="0.586"/>
	<testcase classname="&lt;unknown&gt;" name="./pcache.py:PcacheTest.test" time="0.560"/>
	<testcase classname="&lt;unknown&gt;" name="./pcache.py:PcacheTest.test" time="0.598"/>
	<testcase classname="&lt;unknown&gt;" name="./pcache.py:PcacheTest.test" time="1.154"/>
	<testcase classname="&lt;unknown&gt;" name="./pcache.py:PcacheTest.test" time="0.219"/>
	<testcase classname="&lt;unknown&gt;" name="./pcache.py:PcacheTest.test" time="0.591"/>
	<testcase classname="&lt;unknown&gt;" name="./pcache.py:PcacheTest.test" time="0.588"/>
	<testcase classname="&lt;unknown&gt;" name="./pcache.py:PcacheTest.test" time="0.583"/>
	<testcase classname="&lt;unknown&gt;" name="./pcache.py:PcacheTest.test" time="0.616"/>
	<testcase classname="&lt;unknown&gt;" name="./pcache.py:PcacheTest.test" time="1.032"/>
	<testcase classname="&lt;unknown&gt;" name="./pcache.py:PcacheTest.test" time="0.213"/>
	<testcase classname="&lt;unknown&gt;" name="./pcache.py:PcacheTest.test" time="0.572"/>
	<testcase classname="&lt;unknown&gt;" name="./pcache.py:PcacheTest.test" time="0.605"/>
	<testcase classname="&lt;unknown&gt;" name="./pcache.py:PcacheTest.test" time="0.575"/>
	<testcase classname="&lt;unknown&gt;" name="./pcache.py:PcacheTest.test" time="0.626"/>
	<testcase classname="&lt;unknown&gt;" name="./pcache.py:PcacheTest.test" time="1.138"/>
	<testcase classname="&lt;unknown&gt;" name="./pcache.py:PcacheTest.test" time="0.220"/>
	<testcase classname="&lt;unknown&gt;" name="./pcache.py:PcacheTest.test" time="0.650"/>
	<testcase classname="&lt;unknown&gt;" name="./pcache.py:PcacheTest.test" time="0.499"/>
	<testcase classname="&lt;unknown&gt;" name="./pcache.py:PcacheTest.test" time="0.575"/>
	<testcase classname="&lt;unknown&gt;" name="./pcache.py:PcacheTest.test" time="0.612"/>
	<testcase classname="&lt;unknown&gt;" name="./pcache.py:PcacheTest.test" time="1.116"/>
	<testcase classname="&lt;unknown&gt;" name="./pcache.py:PcacheTest.test" time="0.215"/>
	<testcase classname="&lt;unknown&gt;" name="./pcache.py:PcacheTest.test" time="0.581"/>
	<testcase classname="&lt;unknown&gt;" name="./pcache.py:PcacheTest.test" time="0.539"/>
	<testcase classname="&lt;unknown&gt;" name="./pcache.py:PcacheTest.test" time="0.588"/>
	<testcase classname="&lt;unknown&gt;" name="./pcache.py:PcacheTest.test" time="0.599"/>
	<testcase classname="&lt;unknown&gt;" name="./pcache.py:PcacheTest.test" time="1.099"/>
	<testcase classname="&lt;unknown&gt;" name="./pcache.py:PcacheTest.test" time="0.216"/>
</testsuite>
