<?xml version="1.0" encoding="UTF-8"?>
<testsuite name="job-2025-06-23T06.54-d919d33" tests="12" errors="0" failures="0" skipped="0" time="17399.754" timestamp="2025-06-23T11:45:09.489612">
	<testcase classname="&lt;unknown&gt;" name="./pcache.py:PcacheTest.test" time="0.811"/>
	<testcase classname="&lt;unknown&gt;" name="./pcache.py:PcacheTest.test" time="4306.274"/>
	<testcase classname="&lt;unknown&gt;" name="./pcache.py:PcacheTest.test" time="45.866"/>
	<testcase classname="&lt;unknown&gt;" name="./pcache.py:PcacheTest.test" time="0.850"/>
	<testcase classname="&lt;unknown&gt;" name="./pcache.py:PcacheTest.test" time="4198.107"/>
	<testcase classname="&lt;unknown&gt;" name="./pcache.py:PcacheTest.test" time="47.281"/>
	<testcase classname="&lt;unknown&gt;" name="./pcache.py:PcacheTest.test" time="0.781"/>
	<testcase classname="&lt;unknown&gt;" name="./pcache.py:PcacheTest.test" time="4350.038"/>
	<testcase classname="&lt;unknown&gt;" name="./pcache.py:PcacheTest.test" time="46.194"/>
	<testcase classname="&lt;unknown&gt;" name="./pcache.py:PcacheTest.test" time="0.788"/>
	<testcase classname="&lt;unknown&gt;" name="./pcache.py:PcacheTest.test" time="4354.066"/>
	<testcase classname="&lt;unknown&gt;" name="./pcache.py:PcacheTest.test" time="48.698"/>
</testsuite>
