<?xml version="1.0" encoding="UTF-8"?>
<testsuite name="job-2025-06-05T08.41-de06664" tests="12" errors="0" failures="0" skipped="0" time="16793.817" timestamp="2025-06-05T13:21:46.238923">
	<testcase classname="&lt;unknown&gt;" name="./pcache.py:PcacheTest.test" time="3.025"/>
	<testcase classname="&lt;unknown&gt;" name="./pcache.py:PcacheTest.test" time="4119.716"/>
	<testcase classname="&lt;unknown&gt;" name="./pcache.py:PcacheTest.test" time="20.509"/>
	<testcase classname="&lt;unknown&gt;" name="./pcache.py:PcacheTest.test" time="2.997"/>
	<testcase classname="&lt;unknown&gt;" name="./pcache.py:PcacheTest.test" time="4097.472"/>
	<testcase classname="&lt;unknown&gt;" name="./pcache.py:PcacheTest.test" time="20.285"/>
	<testcase classname="&lt;unknown&gt;" name="./pcache.py:PcacheTest.test" time="2.907"/>
	<testcase classname="&lt;unknown&gt;" name="./pcache.py:PcacheTest.test" time="4234.794"/>
	<testcase classname="&lt;unknown&gt;" name="./pcache.py:PcacheTest.test" time="20.501"/>
	<testcase classname="&lt;unknown&gt;" name="./pcache.py:PcacheTest.test" time="2.877"/>
	<testcase classname="&lt;unknown&gt;" name="./pcache.py:PcacheTest.test" time="4248.478"/>
	<testcase classname="&lt;unknown&gt;" name="./pcache.py:PcacheTest.test" time="20.256"/>
</testsuite>
