<?xml version="1.0" encoding="UTF-8"?>
<testsuite name="job-2024-06-26T10.34-867f350" tests="145" errors="0" failures="0" skipped="0" time="8646.624" timestamp="2024-06-26T13:07:04.351034">
	<testcase classname="&lt;unknown&gt;" name="xfstests.py:Xfstests.test" time="7139.959"/>
	<testcase classname="&lt;unknown&gt;" name="fio.py:Fiotest.test" time="10.545"/>
	<testcase classname="&lt;unknown&gt;" name="fio.py:Fiotest.test" time="10.485"/>
	<testcase classname="&lt;unknown&gt;" name="fio.py:Fiotest.test" time="10.418"/>
	<testcase classname="&lt;unknown&gt;" name="fio.py:Fiotest.test" time="10.474"/>
	<testcase classname="&lt;unknown&gt;" name="fio.py:Fiotest.test" time="10.437"/>
	<testcase classname="&lt;unknown&gt;" name="fio.py:Fiotest.test" time="10.452"/>
	<testcase classname="&lt;unknown&gt;" name="fio.py:Fiotest.test" time="10.424"/>
	<testcase classname="&lt;unknown&gt;" name="fio.py:Fiotest.test" time="10.460"/>
	<testcase classname="&lt;unknown&gt;" name="fio.py:Fiotest.test" time="10.424"/>
	<testcase classname="&lt;unknown&gt;" name="fio.py:Fiotest.test" time="10.478"/>
	<testcase classname="&lt;unknown&gt;" name="fio.py:Fiotest.test" time="10.422"/>
	<testcase classname="&lt;unknown&gt;" name="fio.py:Fiotest.test" time="10.460"/>
	<testcase classname="&lt;unknown&gt;" name="fio.py:Fiotest.test" time="10.425"/>
	<testcase classname="&lt;unknown&gt;" name="fio.py:Fiotest.test" time="10.443"/>
	<testcase classname="&lt;unknown&gt;" name="fio.py:Fiotest.test" time="10.422"/>
	<testcase classname="&lt;unknown&gt;" name="fio.py:Fiotest.test" time="10.463"/>
	<testcase classname="&lt;unknown&gt;" name="fio.py:Fiotest.test" time="10.427"/>
	<testcase classname="&lt;unknown&gt;" name="fio.py:Fiotest.test" time="10.483"/>
	<testcase classname="&lt;unknown&gt;" name="fio.py:Fiotest.test" time="10.430"/>
	<testcase classname="&lt;unknown&gt;" name="fio.py:Fiotest.test" time="10.490"/>
	<testcase classname="&lt;unknown&gt;" name="fio.py:Fiotest.test" time="10.431"/>
	<testcase classname="&lt;unknown&gt;" name="fio.py:Fiotest.test" time="10.486"/>
	<testcase classname="&lt;unknown&gt;" name="fio.py:Fiotest.test" time="10.439"/>
	<testcase classname="&lt;unknown&gt;" name="fio.py:Fiotest.test" time="10.488"/>
	<testcase classname="&lt;unknown&gt;" name="fio.py:Fiotest.test" time="10.421"/>
	<testcase classname="&lt;unknown&gt;" name="fio.py:Fiotest.test" time="10.449"/>
	<testcase classname="&lt;unknown&gt;" name="fio.py:Fiotest.test" time="10.423"/>
	<testcase classname="&lt;unknown&gt;" name="fio.py:Fiotest.test" time="10.481"/>
	<testcase classname="&lt;unknown&gt;" name="fio.py:Fiotest.test" time="10.428"/>
	<testcase classname="&lt;unknown&gt;" name="fio.py:Fiotest.test" time="10.444"/>
	<testcase classname="&lt;unknown&gt;" name="fio.py:Fiotest.test" time="10.430"/>
	<testcase classname="&lt;unknown&gt;" name="fio.py:Fiotest.test" time="10.474"/>
	<testcase classname="&lt;unknown&gt;" name="fio.py:Fiotest.test" time="10.443"/>
	<testcase classname="&lt;unknown&gt;" name="fio.py:Fiotest.test" time="10.467"/>
	<testcase classname="&lt;unknown&gt;" name="fio.py:Fiotest.test" time="10.428"/>
	<testcase classname="&lt;unknown&gt;" name="fio.py:Fiotest.test" time="10.461"/>
	<testcase classname="&lt;unknown&gt;" name="fio.py:Fiotest.test" time="10.421"/>
	<testcase classname="&lt;unknown&gt;" name="fio.py:Fiotest.test" time="10.468"/>
	<testcase classname="&lt;unknown&gt;" name="fio.py:Fiotest.test" time="10.438"/>
	<testcase classname="&lt;unknown&gt;" name="fio.py:Fiotest.test" time="10.484"/>
	<testcase classname="&lt;unknown&gt;" name="fio.py:Fiotest.test" time="10.441"/>
	<testcase classname="&lt;unknown&gt;" name="fio.py:Fiotest.test" time="10.484"/>
	<testcase classname="&lt;unknown&gt;" name="fio.py:Fiotest.test" time="10.427"/>
	<testcase classname="&lt;unknown&gt;" name="fio.py:Fiotest.test" time="10.516"/>
	<testcase classname="&lt;unknown&gt;" name="fio.py:Fiotest.test" time="10.445"/>
	<testcase classname="&lt;unknown&gt;" name="fio.py:Fiotest.test" time="10.527"/>
	<testcase classname="&lt;unknown&gt;" name="fio.py:Fiotest.test" time="10.552"/>
	<testcase classname="&lt;unknown&gt;" name="fio.py:Fiotest.test" time="10.631"/>
	<testcase classname="&lt;unknown&gt;" name="fio.py:Fiotest.test" time="10.439"/>
	<testcase classname="&lt;unknown&gt;" name="fio.py:Fiotest.test" time="10.471"/>
	<testcase classname="&lt;unknown&gt;" name="fio.py:Fiotest.test" time="10.454"/>
	<testcase classname="&lt;unknown&gt;" name="fio.py:Fiotest.test" time="10.487"/>
	<testcase classname="&lt;unknown&gt;" name="fio.py:Fiotest.test" time="10.470"/>
	<testcase classname="&lt;unknown&gt;" name="fio.py:Fiotest.test" time="10.460"/>
	<testcase classname="&lt;unknown&gt;" name="fio.py:Fiotest.test" time="10.437"/>
	<testcase classname="&lt;unknown&gt;" name="fio.py:Fiotest.test" time="10.459"/>
	<testcase classname="&lt;unknown&gt;" name="fio.py:Fiotest.test" time="10.426"/>
	<testcase classname="&lt;unknown&gt;" name="fio.py:Fiotest.test" time="10.468"/>
	<testcase classname="&lt;unknown&gt;" name="fio.py:Fiotest.test" time="10.438"/>
	<testcase classname="&lt;unknown&gt;" name="fio.py:Fiotest.test" time="10.506"/>
	<testcase classname="&lt;unknown&gt;" name="fio.py:Fiotest.test" time="10.425"/>
	<testcase classname="&lt;unknown&gt;" name="fio.py:Fiotest.test" time="10.490"/>
	<testcase classname="&lt;unknown&gt;" name="fio.py:Fiotest.test" time="10.423"/>
	<testcase classname="&lt;unknown&gt;" name="fio.py:Fiotest.test" time="10.464"/>
	<testcase classname="&lt;unknown&gt;" name="fio.py:Fiotest.test" time="10.427"/>
	<testcase classname="&lt;unknown&gt;" name="fio.py:Fiotest.test" time="10.454"/>
	<testcase classname="&lt;unknown&gt;" name="fio.py:Fiotest.test" time="10.427"/>
	<testcase classname="&lt;unknown&gt;" name="fio.py:Fiotest.test" time="10.455"/>
	<testcase classname="&lt;unknown&gt;" name="fio.py:Fiotest.test" time="10.447"/>
	<testcase classname="&lt;unknown&gt;" name="fio.py:Fiotest.test" time="10.462"/>
	<testcase classname="&lt;unknown&gt;" name="fio.py:Fiotest.test" time="10.421"/>
	<testcase classname="&lt;unknown&gt;" name="fio.py:Fiotest.test" time="10.519"/>
	<testcase classname="&lt;unknown&gt;" name="fio.py:Fiotest.test" time="10.440"/>
	<testcase classname="&lt;unknown&gt;" name="fio.py:Fiotest.test" time="10.477"/>
	<testcase classname="&lt;unknown&gt;" name="fio.py:Fiotest.test" time="10.427"/>
	<testcase classname="&lt;unknown&gt;" name="fio.py:Fiotest.test" time="10.485"/>
	<testcase classname="&lt;unknown&gt;" name="fio.py:Fiotest.test" time="10.428"/>
	<testcase classname="&lt;unknown&gt;" name="fio.py:Fiotest.test" time="10.514"/>
	<testcase classname="&lt;unknown&gt;" name="fio.py:Fiotest.test" time="10.429"/>
	<testcase classname="&lt;unknown&gt;" name="fio.py:Fiotest.test" time="10.487"/>
	<testcase classname="&lt;unknown&gt;" name="fio.py:Fiotest.test" time="10.445"/>
	<testcase classname="&lt;unknown&gt;" name="fio.py:Fiotest.test" time="10.452"/>
	<testcase classname="&lt;unknown&gt;" name="fio.py:Fiotest.test" time="10.441"/>
	<testcase classname="&lt;unknown&gt;" name="fio.py:Fiotest.test" time="10.490"/>
	<testcase classname="&lt;unknown&gt;" name="fio.py:Fiotest.test" time="10.448"/>
	<testcase classname="&lt;unknown&gt;" name="fio.py:Fiotest.test" time="10.465"/>
	<testcase classname="&lt;unknown&gt;" name="fio.py:Fiotest.test" time="10.423"/>
	<testcase classname="&lt;unknown&gt;" name="fio.py:Fiotest.test" time="10.464"/>
	<testcase classname="&lt;unknown&gt;" name="fio.py:Fiotest.test" time="10.465"/>
	<testcase classname="&lt;unknown&gt;" name="fio.py:Fiotest.test" time="10.465"/>
	<testcase classname="&lt;unknown&gt;" name="fio.py:Fiotest.test" time="10.449"/>
	<testcase classname="&lt;unknown&gt;" name="fio.py:Fiotest.test" time="10.471"/>
	<testcase classname="&lt;unknown&gt;" name="fio.py:Fiotest.test" time="10.446"/>
	<testcase classname="&lt;unknown&gt;" name="fio.py:Fiotest.test" time="10.509"/>
	<testcase classname="&lt;unknown&gt;" name="fio.py:Fiotest.test" time="10.541"/>
	<testcase classname="&lt;unknown&gt;" name="fio.py:Fiotest.test" time="10.602"/>
	<testcase classname="&lt;unknown&gt;" name="fio.py:Fiotest.test" time="10.436"/>
	<testcase classname="&lt;unknown&gt;" name="fio.py:Fiotest.test" time="10.469"/>
	<testcase classname="&lt;unknown&gt;" name="fio.py:Fiotest.test" time="10.423"/>
	<testcase classname="&lt;unknown&gt;" name="fio.py:Fiotest.test" time="10.460"/>
	<testcase classname="&lt;unknown&gt;" name="fio.py:Fiotest.test" time="10.432"/>
	<testcase classname="&lt;unknown&gt;" name="fio.py:Fiotest.test" time="10.492"/>
	<testcase classname="&lt;unknown&gt;" name="fio.py:Fiotest.test" time="10.439"/>
	<testcase classname="&lt;unknown&gt;" name="fio.py:Fiotest.test" time="10.496"/>
	<testcase classname="&lt;unknown&gt;" name="fio.py:Fiotest.test" time="10.432"/>
	<testcase classname="&lt;unknown&gt;" name="fio.py:Fiotest.test" time="10.445"/>
	<testcase classname="&lt;unknown&gt;" name="fio.py:Fiotest.test" time="10.427"/>
	<testcase classname="&lt;unknown&gt;" name="fio.py:Fiotest.test" time="10.451"/>
	<testcase classname="&lt;unknown&gt;" name="fio.py:Fiotest.test" time="10.432"/>
	<testcase classname="&lt;unknown&gt;" name="fio.py:Fiotest.test" time="10.448"/>
	<testcase classname="&lt;unknown&gt;" name="fio.py:Fiotest.test" time="10.441"/>
	<testcase classname="&lt;unknown&gt;" name="fio.py:Fiotest.test" time="10.486"/>
	<testcase classname="&lt;unknown&gt;" name="fio.py:Fiotest.test" time="10.428"/>
	<testcase classname="&lt;unknown&gt;" name="fio.py:Fiotest.test" time="10.472"/>
	<testcase classname="&lt;unknown&gt;" name="fio.py:Fiotest.test" time="10.428"/>
	<testcase classname="&lt;unknown&gt;" name="fio.py:Fiotest.test" time="10.446"/>
	<testcase classname="&lt;unknown&gt;" name="fio.py:Fiotest.test" time="10.482"/>
	<testcase classname="&lt;unknown&gt;" name="fio.py:Fiotest.test" time="10.522"/>
	<testcase classname="&lt;unknown&gt;" name="fio.py:Fiotest.test" time="10.527"/>
	<testcase classname="&lt;unknown&gt;" name="fio.py:Fiotest.test" time="10.580"/>
	<testcase classname="&lt;unknown&gt;" name="fio.py:Fiotest.test" time="10.438"/>
	<testcase classname="&lt;unknown&gt;" name="fio.py:Fiotest.test" time="10.478"/>
	<testcase classname="&lt;unknown&gt;" name="fio.py:Fiotest.test" time="10.432"/>
	<testcase classname="&lt;unknown&gt;" name="fio.py:Fiotest.test" time="10.484"/>
	<testcase classname="&lt;unknown&gt;" name="fio.py:Fiotest.test" time="10.440"/>
	<testcase classname="&lt;unknown&gt;" name="fio.py:Fiotest.test" time="10.511"/>
	<testcase classname="&lt;unknown&gt;" name="fio.py:Fiotest.test" time="10.429"/>
	<testcase classname="&lt;unknown&gt;" name="fio.py:Fiotest.test" time="10.470"/>
	<testcase classname="&lt;unknown&gt;" name="fio.py:Fiotest.test" time="10.422"/>
	<testcase classname="&lt;unknown&gt;" name="fio.py:Fiotest.test" time="10.464"/>
	<testcase classname="&lt;unknown&gt;" name="fio.py:Fiotest.test" time="10.429"/>
	<testcase classname="&lt;unknown&gt;" name="fio.py:Fiotest.test" time="10.479"/>
	<testcase classname="&lt;unknown&gt;" name="fio.py:Fiotest.test" time="10.420"/>
	<testcase classname="&lt;unknown&gt;" name="fio.py:Fiotest.test" time="10.454"/>
	<testcase classname="&lt;unknown&gt;" name="fio.py:Fiotest.test" time="10.437"/>
	<testcase classname="&lt;unknown&gt;" name="fio.py:Fiotest.test" time="10.485"/>
	<testcase classname="&lt;unknown&gt;" name="fio.py:Fiotest.test" time="10.463"/>
	<testcase classname="&lt;unknown&gt;" name="fio.py:Fiotest.test" time="10.464"/>
	<testcase classname="&lt;unknown&gt;" name="fio.py:Fiotest.test" time="10.432"/>
	<testcase classname="&lt;unknown&gt;" name="fio.py:Fiotest.test" time="10.476"/>
	<testcase classname="&lt;unknown&gt;" name="fio.py:Fiotest.test" time="10.472"/>
	<testcase classname="&lt;unknown&gt;" name="fio.py:Fiotest.test" time="10.531"/>
	<testcase classname="&lt;unknown&gt;" name="fio.py:Fiotest.test" time="10.572"/>
	<testcase classname="&lt;unknown&gt;" name="fio.py:Fiotest.test" time="10.611"/>
</testsuite>
