<?xml version="1.0" encoding="UTF-8"?>
<testsuite name="job-2025-01-09T22.24-1680aba" tests="264" errors="0" failures="0" skipped="0" time="207694.419" timestamp="2025-01-12T08:08:46.198299">
	<testcase classname="&lt;unknown&gt;" name="./cbdctrl.py:CbdctrlTest.test" time="58.914"/>
	<testcase classname="&lt;unknown&gt;" name="./cbdctrl.py:CbdctrlTest.test" time="85.836"/>
	<testcase classname="&lt;unknown&gt;" name="./cbdctrl.py:CbdctrlTest.test" time="71.392"/>
	<testcase classname="&lt;unknown&gt;" name="./cbdctrl.py:CbdctrlTest.test" time="194.911"/>
	<testcase classname="&lt;unknown&gt;" name="./cbdctrl.py:CbdctrlTest.test" time="55.956"/>
	<testcase classname="&lt;unknown&gt;" name="./cbdctrl.py:CbdctrlTest.test" time="83.565"/>
	<testcase classname="&lt;unknown&gt;" name="./cbdctrl.py:CbdctrlTest.test" time="72.144"/>
	<testcase classname="&lt;unknown&gt;" name="./cbdctrl.py:CbdctrlTest.test" time="178.153"/>
	<testcase classname="&lt;unknown&gt;" name="./cbdctrl.py:CbdctrlTest.test" time="50.516"/>
	<testcase classname="&lt;unknown&gt;" name="./cbdctrl.py:CbdctrlTest.test" time="83.678"/>
	<testcase classname="&lt;unknown&gt;" name="./cbdctrl.py:CbdctrlTest.test" time="73.646"/>
	<testcase classname="&lt;unknown&gt;" name="./cbdctrl.py:CbdctrlTest.test" time="185.915"/>
	<testcase classname="&lt;unknown&gt;" name="./cbdctrl.py:CbdctrlTest.test" time="50.816"/>
	<testcase classname="&lt;unknown&gt;" name="./cbdctrl.py:CbdctrlTest.test" time="84.516"/>
	<testcase classname="&lt;unknown&gt;" name="./cbdctrl.py:CbdctrlTest.test" time="71.136"/>
	<testcase classname="&lt;unknown&gt;" name="./cbdctrl.py:CbdctrlTest.test" time="179.147"/>
	<testcase classname="&lt;unknown&gt;" name="./cbdctrl.py:CbdctrlTest.test" time="55.662"/>
	<testcase classname="&lt;unknown&gt;" name="./cbdctrl.py:CbdctrlTest.test" time="83.598"/>
	<testcase classname="&lt;unknown&gt;" name="./cbdctrl.py:CbdctrlTest.test" time="70.039"/>
	<testcase classname="&lt;unknown&gt;" name="./cbdctrl.py:CbdctrlTest.test" time="181.122"/>
	<testcase classname="&lt;unknown&gt;" name="./cbdctrl.py:CbdctrlTest.test" time="51.473"/>
	<testcase classname="&lt;unknown&gt;" name="./cbdctrl.py:CbdctrlTest.test" time="84.956"/>
	<testcase classname="&lt;unknown&gt;" name="./cbdctrl.py:CbdctrlTest.test" time="72.942"/>
	<testcase classname="&lt;unknown&gt;" name="./cbdctrl.py:CbdctrlTest.test" time="187.434"/>
	<testcase classname="&lt;unknown&gt;" name="./cbdctrl.py:CbdctrlTest.test" time="50.570"/>
	<testcase classname="&lt;unknown&gt;" name="./cbdctrl.py:CbdctrlTest.test" time="83.771"/>
	<testcase classname="&lt;unknown&gt;" name="./cbdctrl.py:CbdctrlTest.test" time="70.802"/>
	<testcase classname="&lt;unknown&gt;" name="./cbdctrl.py:CbdctrlTest.test" time="179.866"/>
	<testcase classname="&lt;unknown&gt;" name="./cbdctrl.py:CbdctrlTest.test" time="56.210"/>
	<testcase classname="&lt;unknown&gt;" name="./cbdctrl.py:CbdctrlTest.test" time="84.102"/>
	<testcase classname="&lt;unknown&gt;" name="./cbdctrl.py:CbdctrlTest.test" time="70.716"/>
	<testcase classname="&lt;unknown&gt;" name="./cbdctrl.py:CbdctrlTest.test" time="186.382"/>
	<testcase classname="&lt;unknown&gt;" name="./cbdctrl.py:CbdctrlTest.test" time="51.148"/>
	<testcase classname="&lt;unknown&gt;" name="./cbdctrl.py:CbdctrlTest.test" time="84.502"/>
	<testcase classname="&lt;unknown&gt;" name="./cbdctrl.py:CbdctrlTest.test" time="74.249"/>
	<testcase classname="&lt;unknown&gt;" name="./cbdctrl.py:CbdctrlTest.test" time="195.524"/>
	<testcase classname="&lt;unknown&gt;" name="./cbdctrl.py:CbdctrlTest.test" time="51.498"/>
	<testcase classname="&lt;unknown&gt;" name="./cbdctrl.py:CbdctrlTest.test" time="84.355"/>
	<testcase classname="&lt;unknown&gt;" name="./cbdctrl.py:CbdctrlTest.test" time="71.966"/>
	<testcase classname="&lt;unknown&gt;" name="./cbdctrl.py:CbdctrlTest.test" time="176.992"/>
	<testcase classname="&lt;unknown&gt;" name="./cbdctrl.py:CbdctrlTest.test" time="57.240"/>
	<testcase classname="&lt;unknown&gt;" name="./cbdctrl.py:CbdctrlTest.test" time="85.293"/>
	<testcase classname="&lt;unknown&gt;" name="./cbdctrl.py:CbdctrlTest.test" time="74.206"/>
	<testcase classname="&lt;unknown&gt;" name="./cbdctrl.py:CbdctrlTest.test" time="182.608"/>
	<testcase classname="&lt;unknown&gt;" name="./cbdctrl.py:CbdctrlTest.test" time="51.183"/>
	<testcase classname="&lt;unknown&gt;" name="./cbdctrl.py:CbdctrlTest.test" time="83.710"/>
	<testcase classname="&lt;unknown&gt;" name="./cbdctrl.py:CbdctrlTest.test" time="73.244"/>
	<testcase classname="&lt;unknown&gt;" name="./cbdctrl.py:CbdctrlTest.test" time="182.237"/>
	<testcase classname="&lt;unknown&gt;" name="./cbdctrl.py:CbdctrlTest.test" time="51.288"/>
	<testcase classname="&lt;unknown&gt;" name="./cbdctrl.py:CbdctrlTest.test" time="84.373"/>
	<testcase classname="&lt;unknown&gt;" name="./cbdctrl.py:CbdctrlTest.test" time="70.461"/>
	<testcase classname="&lt;unknown&gt;" name="./cbdctrl.py:CbdctrlTest.test" time="170.555"/>
	<testcase classname="&lt;unknown&gt;" name="./cbdctrl.py:CbdctrlTest.test" time="52.949"/>
	<testcase classname="&lt;unknown&gt;" name="./cbdctrl.py:CbdctrlTest.test" time="89.777"/>
	<testcase classname="&lt;unknown&gt;" name="./cbdctrl.py:CbdctrlTest.test" time="70.799"/>
	<testcase classname="&lt;unknown&gt;" name="./cbdctrl.py:CbdctrlTest.test" time="184.068"/>
	<testcase classname="&lt;unknown&gt;" name="./cbdctrl.py:CbdctrlTest.test" time="51.922"/>
	<testcase classname="&lt;unknown&gt;" name="./cbdctrl.py:CbdctrlTest.test" time="84.548"/>
	<testcase classname="&lt;unknown&gt;" name="./cbdctrl.py:CbdctrlTest.test" time="71.565"/>
	<testcase classname="&lt;unknown&gt;" name="./cbdctrl.py:CbdctrlTest.test" time="183.024"/>
	<testcase classname="&lt;unknown&gt;" name="./cbdctrl.py:CbdctrlTest.test" time="33226.287"/>
	<testcase classname="&lt;unknown&gt;" name="./cbdctrl.py:CbdctrlTest.test" time="60.335"/>
	<testcase classname="&lt;unknown&gt;" name="./cbdctrl.py:CbdctrlTest.test" time="87.780"/>
	<testcase classname="&lt;unknown&gt;" name="./cbdctrl.py:CbdctrlTest.test" time="78.065"/>
	<testcase classname="&lt;unknown&gt;" name="./cbdctrl.py:CbdctrlTest.test" time="193.494"/>
	<testcase classname="&lt;unknown&gt;" name="./cbdctrl.py:CbdctrlTest.test" time="28850.505"/>
	<testcase classname="&lt;unknown&gt;" name="./cbdctrl.py:CbdctrlTest.test" time="44.114"/>
	<testcase classname="&lt;unknown&gt;" name="./cbdctrl.py:CbdctrlTest.test" time="62.560"/>
	<testcase classname="&lt;unknown&gt;" name="./cbdctrl.py:CbdctrlTest.test" time="52.064"/>
	<testcase classname="&lt;unknown&gt;" name="./cbdctrl.py:CbdctrlTest.test" time="123.631"/>
	<testcase classname="&lt;unknown&gt;" name="./cbdctrl.py:CbdctrlTest.test" time="39.119"/>
	<testcase classname="&lt;unknown&gt;" name="./cbdctrl.py:CbdctrlTest.test" time="68.308"/>
	<testcase classname="&lt;unknown&gt;" name="./cbdctrl.py:CbdctrlTest.test" time="52.063"/>
	<testcase classname="&lt;unknown&gt;" name="./cbdctrl.py:CbdctrlTest.test" time="129.338"/>
	<testcase classname="&lt;unknown&gt;" name="./cbdctrl.py:CbdctrlTest.test" time="37.635"/>
	<testcase classname="&lt;unknown&gt;" name="./cbdctrl.py:CbdctrlTest.test" time="61.338"/>
	<testcase classname="&lt;unknown&gt;" name="./cbdctrl.py:CbdctrlTest.test" time="52.718"/>
	<testcase classname="&lt;unknown&gt;" name="./cbdctrl.py:CbdctrlTest.test" time="121.397"/>
	<testcase classname="&lt;unknown&gt;" name="./cbdctrl.py:CbdctrlTest.test" time="37.725"/>
	<testcase classname="&lt;unknown&gt;" name="./cbdctrl.py:CbdctrlTest.test" time="63.949"/>
	<testcase classname="&lt;unknown&gt;" name="./cbdctrl.py:CbdctrlTest.test" time="56.962"/>
	<testcase classname="&lt;unknown&gt;" name="./cbdctrl.py:CbdctrlTest.test" time="127.048"/>
	<testcase classname="&lt;unknown&gt;" name="./cbdctrl.py:CbdctrlTest.test" time="37.965"/>
	<testcase classname="&lt;unknown&gt;" name="./cbdctrl.py:CbdctrlTest.test" time="61.438"/>
	<testcase classname="&lt;unknown&gt;" name="./cbdctrl.py:CbdctrlTest.test" time="52.651"/>
	<testcase classname="&lt;unknown&gt;" name="./cbdctrl.py:CbdctrlTest.test" time="120.695"/>
	<testcase classname="&lt;unknown&gt;" name="./cbdctrl.py:CbdctrlTest.test" time="37.459"/>
	<testcase classname="&lt;unknown&gt;" name="./cbdctrl.py:CbdctrlTest.test" time="62.041"/>
	<testcase classname="&lt;unknown&gt;" name="./cbdctrl.py:CbdctrlTest.test" time="58.093"/>
	<testcase classname="&lt;unknown&gt;" name="./cbdctrl.py:CbdctrlTest.test" time="130.149"/>
	<testcase classname="&lt;unknown&gt;" name="./cbdctrl.py:CbdctrlTest.test" time="37.409"/>
	<testcase classname="&lt;unknown&gt;" name="./cbdctrl.py:CbdctrlTest.test" time="63.255"/>
	<testcase classname="&lt;unknown&gt;" name="./cbdctrl.py:CbdctrlTest.test" time="52.490"/>
	<testcase classname="&lt;unknown&gt;" name="./cbdctrl.py:CbdctrlTest.test" time="125.982"/>
	<testcase classname="&lt;unknown&gt;" name="./cbdctrl.py:CbdctrlTest.test" time="37.617"/>
	<testcase classname="&lt;unknown&gt;" name="./cbdctrl.py:CbdctrlTest.test" time="61.789"/>
	<testcase classname="&lt;unknown&gt;" name="./cbdctrl.py:CbdctrlTest.test" time="55.143"/>
	<testcase classname="&lt;unknown&gt;" name="./cbdctrl.py:CbdctrlTest.test" time="132.543"/>
	<testcase classname="&lt;unknown&gt;" name="./cbdctrl.py:CbdctrlTest.test" time="38.123"/>
	<testcase classname="&lt;unknown&gt;" name="./cbdctrl.py:CbdctrlTest.test" time="62.277"/>
	<testcase classname="&lt;unknown&gt;" name="./cbdctrl.py:CbdctrlTest.test" time="54.148"/>
	<testcase classname="&lt;unknown&gt;" name="./cbdctrl.py:CbdctrlTest.test" time="123.003"/>
	<testcase classname="&lt;unknown&gt;" name="./cbdctrl.py:CbdctrlTest.test" time="37.889"/>
	<testcase classname="&lt;unknown&gt;" name="./cbdctrl.py:CbdctrlTest.test" time="62.078"/>
	<testcase classname="&lt;unknown&gt;" name="./cbdctrl.py:CbdctrlTest.test" time="53.272"/>
	<testcase classname="&lt;unknown&gt;" name="./cbdctrl.py:CbdctrlTest.test" time="130.819"/>
	<testcase classname="&lt;unknown&gt;" name="./cbdctrl.py:CbdctrlTest.test" time="41.288"/>
	<testcase classname="&lt;unknown&gt;" name="./cbdctrl.py:CbdctrlTest.test" time="62.255"/>
	<testcase classname="&lt;unknown&gt;" name="./cbdctrl.py:CbdctrlTest.test" time="51.939"/>
	<testcase classname="&lt;unknown&gt;" name="./cbdctrl.py:CbdctrlTest.test" time="122.108"/>
	<testcase classname="&lt;unknown&gt;" name="./cbdctrl.py:CbdctrlTest.test" time="37.016"/>
	<testcase classname="&lt;unknown&gt;" name="./cbdctrl.py:CbdctrlTest.test" time="61.253"/>
	<testcase classname="&lt;unknown&gt;" name="./cbdctrl.py:CbdctrlTest.test" time="53.288"/>
	<testcase classname="&lt;unknown&gt;" name="./cbdctrl.py:CbdctrlTest.test" time="132.244"/>
	<testcase classname="&lt;unknown&gt;" name="./cbdctrl.py:CbdctrlTest.test" time="42.356"/>
	<testcase classname="&lt;unknown&gt;" name="./cbdctrl.py:CbdctrlTest.test" time="61.601"/>
	<testcase classname="&lt;unknown&gt;" name="./cbdctrl.py:CbdctrlTest.test" time="51.593"/>
	<testcase classname="&lt;unknown&gt;" name="./cbdctrl.py:CbdctrlTest.test" time="124.787"/>
	<testcase classname="&lt;unknown&gt;" name="./cbdctrl.py:CbdctrlTest.test" time="37.686"/>
	<testcase classname="&lt;unknown&gt;" name="./cbdctrl.py:CbdctrlTest.test" time="61.891"/>
	<testcase classname="&lt;unknown&gt;" name="./cbdctrl.py:CbdctrlTest.test" time="52.500"/>
	<testcase classname="&lt;unknown&gt;" name="./cbdctrl.py:CbdctrlTest.test" time="134.238"/>
	<testcase classname="&lt;unknown&gt;" name="./cbdctrl.py:CbdctrlTest.test" time="42.223"/>
	<testcase classname="&lt;unknown&gt;" name="./cbdctrl.py:CbdctrlTest.test" time="61.919"/>
	<testcase classname="&lt;unknown&gt;" name="./cbdctrl.py:CbdctrlTest.test" time="51.505"/>
	<testcase classname="&lt;unknown&gt;" name="./cbdctrl.py:CbdctrlTest.test" time="122.951"/>
	<testcase classname="&lt;unknown&gt;" name="./cbdctrl.py:CbdctrlTest.test" time="22375.711"/>
	<testcase classname="&lt;unknown&gt;" name="./cbdctrl.py:CbdctrlTest.test" time="43.417"/>
	<testcase classname="&lt;unknown&gt;" name="./cbdctrl.py:CbdctrlTest.test" time="64.809"/>
	<testcase classname="&lt;unknown&gt;" name="./cbdctrl.py:CbdctrlTest.test" time="56.505"/>
	<testcase classname="&lt;unknown&gt;" name="./cbdctrl.py:CbdctrlTest.test" time="129.647"/>
	<testcase classname="&lt;unknown&gt;" name="./cbdctrl.py:CbdctrlTest.test" time="22362.913"/>
	<testcase classname="&lt;unknown&gt;" name="./cbdctrl.py:CbdctrlTest.test" time="65.629"/>
	<testcase classname="&lt;unknown&gt;" name="./cbdctrl.py:CbdctrlTest.test" time="200.857"/>
	<testcase classname="&lt;unknown&gt;" name="./cbdctrl.py:CbdctrlTest.test" time="236.470"/>
	<testcase classname="&lt;unknown&gt;" name="./cbdctrl.py:CbdctrlTest.test" time="329.542"/>
	<testcase classname="&lt;unknown&gt;" name="./cbdctrl.py:CbdctrlTest.test" time="66.256"/>
	<testcase classname="&lt;unknown&gt;" name="./cbdctrl.py:CbdctrlTest.test" time="49.304"/>
	<testcase classname="&lt;unknown&gt;" name="./cbdctrl.py:CbdctrlTest.test" time="49.543"/>
	<testcase classname="&lt;unknown&gt;" name="./cbdctrl.py:CbdctrlTest.test" time="50.580"/>
	<testcase classname="&lt;unknown&gt;" name="./cbdctrl.py:CbdctrlTest.test" time="68.390"/>
	<testcase classname="&lt;unknown&gt;" name="./cbdctrl.py:CbdctrlTest.test" time="201.040"/>
	<testcase classname="&lt;unknown&gt;" name="./cbdctrl.py:CbdctrlTest.test" time="234.709"/>
	<testcase classname="&lt;unknown&gt;" name="./cbdctrl.py:CbdctrlTest.test" time="444.044"/>
	<testcase classname="&lt;unknown&gt;" name="./cbdctrl.py:CbdctrlTest.test" time="72.021"/>
	<testcase classname="&lt;unknown&gt;" name="./cbdctrl.py:CbdctrlTest.test" time="49.762"/>
	<testcase classname="&lt;unknown&gt;" name="./cbdctrl.py:CbdctrlTest.test" time="49.831"/>
	<testcase classname="&lt;unknown&gt;" name="./cbdctrl.py:CbdctrlTest.test" time="51.177"/>
	<testcase classname="&lt;unknown&gt;" name="./cbdctrl.py:CbdctrlTest.test" time="67.392"/>
	<testcase classname="&lt;unknown&gt;" name="./cbdctrl.py:CbdctrlTest.test" time="209.772"/>
	<testcase classname="&lt;unknown&gt;" name="./cbdctrl.py:CbdctrlTest.test" time="226.363"/>
	<testcase classname="&lt;unknown&gt;" name="./cbdctrl.py:CbdctrlTest.test" time="600.689"/>
	<testcase classname="&lt;unknown&gt;" name="./cbdctrl.py:CbdctrlTest.test" time="76.321"/>
	<testcase classname="&lt;unknown&gt;" name="./cbdctrl.py:CbdctrlTest.test" time="47.054"/>
	<testcase classname="&lt;unknown&gt;" name="./cbdctrl.py:CbdctrlTest.test" time="50.702"/>
	<testcase classname="&lt;unknown&gt;" name="./cbdctrl.py:CbdctrlTest.test" time="50.454"/>
	<testcase classname="&lt;unknown&gt;" name="./cbdctrl.py:CbdctrlTest.test" time="69.874"/>
	<testcase classname="&lt;unknown&gt;" name="./cbdctrl.py:CbdctrlTest.test" time="207.805"/>
	<testcase classname="&lt;unknown&gt;" name="./cbdctrl.py:CbdctrlTest.test" time="237.120"/>
	<testcase classname="&lt;unknown&gt;" name="./cbdctrl.py:CbdctrlTest.test" time="397.956"/>
	<testcase classname="&lt;unknown&gt;" name="./cbdctrl.py:CbdctrlTest.test" time="72.499"/>
	<testcase classname="&lt;unknown&gt;" name="./cbdctrl.py:CbdctrlTest.test" time="48.337"/>
	<testcase classname="&lt;unknown&gt;" name="./cbdctrl.py:CbdctrlTest.test" time="48.557"/>
	<testcase classname="&lt;unknown&gt;" name="./cbdctrl.py:CbdctrlTest.test" time="51.152"/>
	<testcase classname="&lt;unknown&gt;" name="./cbdctrl.py:CbdctrlTest.test" time="69.660"/>
	<testcase classname="&lt;unknown&gt;" name="./cbdctrl.py:CbdctrlTest.test" time="208.978"/>
	<testcase classname="&lt;unknown&gt;" name="./cbdctrl.py:CbdctrlTest.test" time="229.013"/>
	<testcase classname="&lt;unknown&gt;" name="./cbdctrl.py:CbdctrlTest.test" time="432.578"/>
	<testcase classname="&lt;unknown&gt;" name="./cbdctrl.py:CbdctrlTest.test" time="72.939"/>
	<testcase classname="&lt;unknown&gt;" name="./cbdctrl.py:CbdctrlTest.test" time="49.457"/>
	<testcase classname="&lt;unknown&gt;" name="./cbdctrl.py:CbdctrlTest.test" time="50.411"/>
	<testcase classname="&lt;unknown&gt;" name="./cbdctrl.py:CbdctrlTest.test" time="51.080"/>
	<testcase classname="&lt;unknown&gt;" name="./cbdctrl.py:CbdctrlTest.test" time="68.444"/>
	<testcase classname="&lt;unknown&gt;" name="./cbdctrl.py:CbdctrlTest.test" time="209.775"/>
	<testcase classname="&lt;unknown&gt;" name="./cbdctrl.py:CbdctrlTest.test" time="230.056"/>
	<testcase classname="&lt;unknown&gt;" name="./cbdctrl.py:CbdctrlTest.test" time="474.238"/>
	<testcase classname="&lt;unknown&gt;" name="./cbdctrl.py:CbdctrlTest.test" time="72.626"/>
	<testcase classname="&lt;unknown&gt;" name="./cbdctrl.py:CbdctrlTest.test" time="47.628"/>
	<testcase classname="&lt;unknown&gt;" name="./cbdctrl.py:CbdctrlTest.test" time="48.388"/>
	<testcase classname="&lt;unknown&gt;" name="./cbdctrl.py:CbdctrlTest.test" time="49.192"/>
	<testcase classname="&lt;unknown&gt;" name="./cbdctrl.py:CbdctrlTest.test" time="68.951"/>
	<testcase classname="&lt;unknown&gt;" name="./cbdctrl.py:CbdctrlTest.test" time="200.447"/>
	<testcase classname="&lt;unknown&gt;" name="./cbdctrl.py:CbdctrlTest.test" time="234.979"/>
	<testcase classname="&lt;unknown&gt;" name="./cbdctrl.py:CbdctrlTest.test" time="439.748"/>
	<testcase classname="&lt;unknown&gt;" name="./cbdctrl.py:CbdctrlTest.test" time="73.126"/>
	<testcase classname="&lt;unknown&gt;" name="./cbdctrl.py:CbdctrlTest.test" time="47.973"/>
	<testcase classname="&lt;unknown&gt;" name="./cbdctrl.py:CbdctrlTest.test" time="47.916"/>
	<testcase classname="&lt;unknown&gt;" name="./cbdctrl.py:CbdctrlTest.test" time="49.197"/>
	<testcase classname="&lt;unknown&gt;" name="./cbdctrl.py:CbdctrlTest.test" time="69.360"/>
	<testcase classname="&lt;unknown&gt;" name="./cbdctrl.py:CbdctrlTest.test" time="215.139"/>
	<testcase classname="&lt;unknown&gt;" name="./cbdctrl.py:CbdctrlTest.test" time="235.851"/>
	<testcase classname="&lt;unknown&gt;" name="./cbdctrl.py:CbdctrlTest.test" time="615.746"/>
	<testcase classname="&lt;unknown&gt;" name="./cbdctrl.py:CbdctrlTest.test" time="35014.454"/>
	<testcase classname="&lt;unknown&gt;" name="./cbdctrl.py:CbdctrlTest.test" time="70.459"/>
	<testcase classname="&lt;unknown&gt;" name="./cbdctrl.py:CbdctrlTest.test" time="52.511"/>
	<testcase classname="&lt;unknown&gt;" name="./cbdctrl.py:CbdctrlTest.test" time="46.549"/>
	<testcase classname="&lt;unknown&gt;" name="./cbdctrl.py:CbdctrlTest.test" time="52.751"/>
	<testcase classname="&lt;unknown&gt;" name="./cbdctrl.py:CbdctrlTest.test" time="52.306"/>
	<testcase classname="&lt;unknown&gt;" name="./cbdctrl.py:CbdctrlTest.test" time="70.092"/>
	<testcase classname="&lt;unknown&gt;" name="./cbdctrl.py:CbdctrlTest.test" time="215.757"/>
	<testcase classname="&lt;unknown&gt;" name="./cbdctrl.py:CbdctrlTest.test" time="236.274"/>
	<testcase classname="&lt;unknown&gt;" name="./cbdctrl.py:CbdctrlTest.test" time="360.207"/>
	<testcase classname="&lt;unknown&gt;" name="./cbdctrl.py:CbdctrlTest.test" time="69.992"/>
	<testcase classname="&lt;unknown&gt;" name="./cbdctrl.py:CbdctrlTest.test" time="47.501"/>
	<testcase classname="&lt;unknown&gt;" name="./cbdctrl.py:CbdctrlTest.test" time="48.103"/>
	<testcase classname="&lt;unknown&gt;" name="./cbdctrl.py:CbdctrlTest.test" time="49.216"/>
	<testcase classname="&lt;unknown&gt;" name="./cbdctrl.py:CbdctrlTest.test" time="70.621"/>
	<testcase classname="&lt;unknown&gt;" name="./cbdctrl.py:CbdctrlTest.test" time="215.308"/>
	<testcase classname="&lt;unknown&gt;" name="./cbdctrl.py:CbdctrlTest.test" time="228.145"/>
	<testcase classname="&lt;unknown&gt;" name="./cbdctrl.py:CbdctrlTest.test" time="366.912"/>
	<testcase classname="&lt;unknown&gt;" name="./cbdctrl.py:CbdctrlTest.test" time="73.223"/>
	<testcase classname="&lt;unknown&gt;" name="./cbdctrl.py:CbdctrlTest.test" time="49.771"/>
	<testcase classname="&lt;unknown&gt;" name="./cbdctrl.py:CbdctrlTest.test" time="48.613"/>
	<testcase classname="&lt;unknown&gt;" name="./cbdctrl.py:CbdctrlTest.test" time="50.915"/>
	<testcase classname="&lt;unknown&gt;" name="./cbdctrl.py:CbdctrlTest.test" time="67.423"/>
	<testcase classname="&lt;unknown&gt;" name="./cbdctrl.py:CbdctrlTest.test" time="207.444"/>
	<testcase classname="&lt;unknown&gt;" name="./cbdctrl.py:CbdctrlTest.test" time="234.807"/>
	<testcase classname="&lt;unknown&gt;" name="./cbdctrl.py:CbdctrlTest.test" time="352.524"/>
	<testcase classname="&lt;unknown&gt;" name="./cbdctrl.py:CbdctrlTest.test" time="69.516"/>
	<testcase classname="&lt;unknown&gt;" name="./cbdctrl.py:CbdctrlTest.test" time="48.288"/>
	<testcase classname="&lt;unknown&gt;" name="./cbdctrl.py:CbdctrlTest.test" time="48.534"/>
	<testcase classname="&lt;unknown&gt;" name="./cbdctrl.py:CbdctrlTest.test" time="49.781"/>
	<testcase classname="&lt;unknown&gt;" name="./cbdctrl.py:CbdctrlTest.test" time="68.219"/>
	<testcase classname="&lt;unknown&gt;" name="./cbdctrl.py:CbdctrlTest.test" time="211.827"/>
	<testcase classname="&lt;unknown&gt;" name="./cbdctrl.py:CbdctrlTest.test" time="234.267"/>
	<testcase classname="&lt;unknown&gt;" name="./cbdctrl.py:CbdctrlTest.test" time="345.964"/>
	<testcase classname="&lt;unknown&gt;" name="./cbdctrl.py:CbdctrlTest.test" time="72.728"/>
	<testcase classname="&lt;unknown&gt;" name="./cbdctrl.py:CbdctrlTest.test" time="48.705"/>
	<testcase classname="&lt;unknown&gt;" name="./cbdctrl.py:CbdctrlTest.test" time="50.274"/>
	<testcase classname="&lt;unknown&gt;" name="./cbdctrl.py:CbdctrlTest.test" time="50.450"/>
	<testcase classname="&lt;unknown&gt;" name="./cbdctrl.py:CbdctrlTest.test" time="69.346"/>
	<testcase classname="&lt;unknown&gt;" name="./cbdctrl.py:CbdctrlTest.test" time="208.087"/>
	<testcase classname="&lt;unknown&gt;" name="./cbdctrl.py:CbdctrlTest.test" time="228.328"/>
	<testcase classname="&lt;unknown&gt;" name="./cbdctrl.py:CbdctrlTest.test" time="416.109"/>
	<testcase classname="&lt;unknown&gt;" name="./cbdctrl.py:CbdctrlTest.test" time="73.451"/>
	<testcase classname="&lt;unknown&gt;" name="./cbdctrl.py:CbdctrlTest.test" time="52.137"/>
	<testcase classname="&lt;unknown&gt;" name="./cbdctrl.py:CbdctrlTest.test" time="50.460"/>
	<testcase classname="&lt;unknown&gt;" name="./cbdctrl.py:CbdctrlTest.test" time="50.580"/>
	<testcase classname="&lt;unknown&gt;" name="./cbdctrl.py:CbdctrlTest.test" time="68.494"/>
	<testcase classname="&lt;unknown&gt;" name="./cbdctrl.py:CbdctrlTest.test" time="219.443"/>
	<testcase classname="&lt;unknown&gt;" name="./cbdctrl.py:CbdctrlTest.test" time="230.504"/>
	<testcase classname="&lt;unknown&gt;" name="./cbdctrl.py:CbdctrlTest.test" time="622.635"/>
	<testcase classname="&lt;unknown&gt;" name="./cbdctrl.py:CbdctrlTest.test" time="76.412"/>
	<testcase classname="&lt;unknown&gt;" name="./cbdctrl.py:CbdctrlTest.test" time="44.441"/>
	<testcase classname="&lt;unknown&gt;" name="./cbdctrl.py:CbdctrlTest.test" time="49.943"/>
	<testcase classname="&lt;unknown&gt;" name="./cbdctrl.py:CbdctrlTest.test" time="49.586"/>
	<testcase classname="&lt;unknown&gt;" name="./cbdctrl.py:CbdctrlTest.test" time="68.613"/>
	<testcase classname="&lt;unknown&gt;" name="./cbdctrl.py:CbdctrlTest.test" time="204.638"/>
	<testcase classname="&lt;unknown&gt;" name="./cbdctrl.py:CbdctrlTest.test" time="232.285"/>
	<testcase classname="&lt;unknown&gt;" name="./cbdctrl.py:CbdctrlTest.test" time="492.628"/>
	<testcase classname="&lt;unknown&gt;" name="./cbdctrl.py:CbdctrlTest.test" time="72.792"/>
	<testcase classname="&lt;unknown&gt;" name="./cbdctrl.py:CbdctrlTest.test" time="49.181"/>
	<testcase classname="&lt;unknown&gt;" name="./cbdctrl.py:CbdctrlTest.test" time="50.055"/>
	<testcase classname="&lt;unknown&gt;" name="./cbdctrl.py:CbdctrlTest.test" time="49.823"/>
	<testcase classname="&lt;unknown&gt;" name="./cbdctrl.py:CbdctrlTest.test" time="69.161"/>
	<testcase classname="&lt;unknown&gt;" name="./cbdctrl.py:CbdctrlTest.test" time="210.561"/>
	<testcase classname="&lt;unknown&gt;" name="./cbdctrl.py:CbdctrlTest.test" time="234.961"/>
	<testcase classname="&lt;unknown&gt;" name="./cbdctrl.py:CbdctrlTest.test" time="350.918"/>
	<testcase classname="&lt;unknown&gt;" name="./cbdctrl.py:CbdctrlTest.test" time="36192.316"/>
	<testcase classname="&lt;unknown&gt;" name="./cbdctrl.py:CbdctrlTest.test" time="68.350"/>
	<testcase classname="&lt;unknown&gt;" name="./cbdctrl.py:CbdctrlTest.test" time="50.565"/>
	<testcase classname="&lt;unknown&gt;" name="./cbdctrl.py:CbdctrlTest.test" time="46.198"/>
	<testcase classname="&lt;unknown&gt;" name="./cbdctrl.py:CbdctrlTest.test" time="49.428"/>
	<testcase classname="&lt;unknown&gt;" name="./cbdctrl.py:CbdctrlTest.test" time="47.890"/>
</testsuite>
