<?xml version="1.0" encoding="UTF-8"?>
<testsuite name="job-2025-08-12T03.48-c19f475" tests="96" errors="0" failures="0" skipped="0" time="8090.684" timestamp="2025-08-12T06:05:32.839177">
	<testcase classname="&lt;unknown&gt;" name="./pcache.py:PcacheTest.test" time="1.750"/>
	<testcase classname="&lt;unknown&gt;" name="./pcache.py:PcacheTest.test" time="1703.671"/>
	<testcase classname="&lt;unknown&gt;" name="./pcache.py:PcacheTest.test" time="74.829"/>
	<testcase classname="&lt;unknown&gt;" name="./pcache.py:PcacheTest.test" time="45.746"/>
	<testcase classname="&lt;unknown&gt;" name="./pcache.py:PcacheTest.test" time="3.885"/>
	<testcase classname="&lt;unknown&gt;" name="./pcache.py:PcacheTest.test" time="128.515"/>
	<testcase classname="&lt;unknown&gt;" name="./pcache.py:PcacheTest.test" time="1.777"/>
	<testcase classname="&lt;unknown&gt;" name="./pcache.py:PcacheTest.test" time="1801.990"/>
	<testcase classname="&lt;unknown&gt;" name="./pcache.py:PcacheTest.test" time="74.003"/>
	<testcase classname="&lt;unknown&gt;" name="./pcache.py:PcacheTest.test" time="44.319"/>
	<testcase classname="&lt;unknown&gt;" name="./pcache.py:PcacheTest.test" time="3.924"/>
	<testcase classname="&lt;unknown&gt;" name="./pcache.py:PcacheTest.test" time="118.257"/>
	<testcase classname="&lt;unknown&gt;" name="./pcache.py:PcacheTest.test" time="1.198"/>
	<testcase classname="&lt;unknown&gt;" name="./pcache.py:PcacheTest.test" time="1782.825"/>
	<testcase classname="&lt;unknown&gt;" name="./pcache.py:PcacheTest.test" time="74.920"/>
	<testcase classname="&lt;unknown&gt;" name="./pcache.py:PcacheTest.test" time="44.342"/>
	<testcase classname="&lt;unknown&gt;" name="./pcache.py:PcacheTest.test" time="4.296"/>
	<testcase classname="&lt;unknown&gt;" name="./pcache.py:PcacheTest.test" time="116.332"/>
	<testcase classname="&lt;unknown&gt;" name="./pcache.py:PcacheTest.test" time="1.222"/>
	<testcase classname="&lt;unknown&gt;" name="./pcache.py:PcacheTest.test" time="1751.448"/>
	<testcase classname="&lt;unknown&gt;" name="./pcache.py:PcacheTest.test" time="78.040"/>
	<testcase classname="&lt;unknown&gt;" name="./pcache.py:PcacheTest.test" time="46.797"/>
	<testcase classname="&lt;unknown&gt;" name="./pcache.py:PcacheTest.test" time="4.035"/>
	<testcase classname="&lt;unknown&gt;" name="./pcache.py:PcacheTest.test" time="117.024"/>
	<testcase classname="&lt;unknown&gt;" name="./pcache.py:PcacheTest.test" time="0.728"/>
	<testcase classname="&lt;unknown&gt;" name="./pcache.py:PcacheTest.test" time="0.856"/>
	<testcase classname="&lt;unknown&gt;" name="./pcache.py:PcacheTest.test" time="0.832"/>
	<testcase classname="&lt;unknown&gt;" name="./pcache.py:PcacheTest.test" time="0.880"/>
	<testcase classname="&lt;unknown&gt;" name="./pcache.py:PcacheTest.test" time="1.623"/>
	<testcase classname="&lt;unknown&gt;" name="./pcache.py:PcacheTest.test" time="0.645"/>
	<testcase classname="&lt;unknown&gt;" name="./pcache.py:PcacheTest.test" time="0.852"/>
	<testcase classname="&lt;unknown&gt;" name="./pcache.py:PcacheTest.test" time="0.850"/>
	<testcase classname="&lt;unknown&gt;" name="./pcache.py:PcacheTest.test" time="0.669"/>
	<testcase classname="&lt;unknown&gt;" name="./pcache.py:PcacheTest.test" time="0.858"/>
	<testcase classname="&lt;unknown&gt;" name="./pcache.py:PcacheTest.test" time="1.586"/>
	<testcase classname="&lt;unknown&gt;" name="./pcache.py:PcacheTest.test" time="0.445"/>
	<testcase classname="&lt;unknown&gt;" name="./pcache.py:PcacheTest.test" time="0.837"/>
	<testcase classname="&lt;unknown&gt;" name="./pcache.py:PcacheTest.test" time="0.847"/>
	<testcase classname="&lt;unknown&gt;" name="./pcache.py:PcacheTest.test" time="0.824"/>
	<testcase classname="&lt;unknown&gt;" name="./pcache.py:PcacheTest.test" time="0.824"/>
	<testcase classname="&lt;unknown&gt;" name="./pcache.py:PcacheTest.test" time="1.572"/>
	<testcase classname="&lt;unknown&gt;" name="./pcache.py:PcacheTest.test" time="0.659"/>
	<testcase classname="&lt;unknown&gt;" name="./pcache.py:PcacheTest.test" time="0.829"/>
	<testcase classname="&lt;unknown&gt;" name="./pcache.py:PcacheTest.test" time="0.829"/>
	<testcase classname="&lt;unknown&gt;" name="./pcache.py:PcacheTest.test" time="0.814"/>
	<testcase classname="&lt;unknown&gt;" name="./pcache.py:PcacheTest.test" time="0.905"/>
	<testcase classname="&lt;unknown&gt;" name="./pcache.py:PcacheTest.test" time="1.611"/>
	<testcase classname="&lt;unknown&gt;" name="./pcache.py:PcacheTest.test" time="0.675"/>
	<testcase classname="&lt;unknown&gt;" name="./pcache.py:PcacheTest.test" time="0.722"/>
	<testcase classname="&lt;unknown&gt;" name="./pcache.py:PcacheTest.test" time="0.840"/>
	<testcase classname="&lt;unknown&gt;" name="./pcache.py:PcacheTest.test" time="0.670"/>
	<testcase classname="&lt;unknown&gt;" name="./pcache.py:PcacheTest.test" time="0.861"/>
	<testcase classname="&lt;unknown&gt;" name="./pcache.py:PcacheTest.test" time="1.589"/>
	<testcase classname="&lt;unknown&gt;" name="./pcache.py:PcacheTest.test" time="0.661"/>
	<testcase classname="&lt;unknown&gt;" name="./pcache.py:PcacheTest.test" time="0.844"/>
	<testcase classname="&lt;unknown&gt;" name="./pcache.py:PcacheTest.test" time="0.813"/>
	<testcase classname="&lt;unknown&gt;" name="./pcache.py:PcacheTest.test" time="0.837"/>
	<testcase classname="&lt;unknown&gt;" name="./pcache.py:PcacheTest.test" time="0.871"/>
	<testcase classname="&lt;unknown&gt;" name="./pcache.py:PcacheTest.test" time="1.528"/>
	<testcase classname="&lt;unknown&gt;" name="./pcache.py:PcacheTest.test" time="0.646"/>
	<testcase classname="&lt;unknown&gt;" name="./pcache.py:PcacheTest.test" time="0.707"/>
	<testcase classname="&lt;unknown&gt;" name="./pcache.py:PcacheTest.test" time="0.844"/>
	<testcase classname="&lt;unknown&gt;" name="./pcache.py:PcacheTest.test" time="0.829"/>
	<testcase classname="&lt;unknown&gt;" name="./pcache.py:PcacheTest.test" time="0.600"/>
	<testcase classname="&lt;unknown&gt;" name="./pcache.py:PcacheTest.test" time="1.477"/>
	<testcase classname="&lt;unknown&gt;" name="./pcache.py:PcacheTest.test" time="0.670"/>
	<testcase classname="&lt;unknown&gt;" name="./pcache.py:PcacheTest.test" time="0.840"/>
	<testcase classname="&lt;unknown&gt;" name="./pcache.py:PcacheTest.test" time="0.837"/>
	<testcase classname="&lt;unknown&gt;" name="./pcache.py:PcacheTest.test" time="0.843"/>
	<testcase classname="&lt;unknown&gt;" name="./pcache.py:PcacheTest.test" time="0.893"/>
	<testcase classname="&lt;unknown&gt;" name="./pcache.py:PcacheTest.test" time="1.543"/>
	<testcase classname="&lt;unknown&gt;" name="./pcache.py:PcacheTest.test" time="0.635"/>
	<testcase classname="&lt;unknown&gt;" name="./pcache.py:PcacheTest.test" time="0.853"/>
	<testcase classname="&lt;unknown&gt;" name="./pcache.py:PcacheTest.test" time="0.844"/>
	<testcase classname="&lt;unknown&gt;" name="./pcache.py:PcacheTest.test" time="0.842"/>
	<testcase classname="&lt;unknown&gt;" name="./pcache.py:PcacheTest.test" time="0.871"/>
	<testcase classname="&lt;unknown&gt;" name="./pcache.py:PcacheTest.test" time="1.642"/>
	<testcase classname="&lt;unknown&gt;" name="./pcache.py:PcacheTest.test" time="0.702"/>
	<testcase classname="&lt;unknown&gt;" name="./pcache.py:PcacheTest.test" time="0.679"/>
	<testcase classname="&lt;unknown&gt;" name="./pcache.py:PcacheTest.test" time="0.845"/>
	<testcase classname="&lt;unknown&gt;" name="./pcache.py:PcacheTest.test" time="0.539"/>
	<testcase classname="&lt;unknown&gt;" name="./pcache.py:PcacheTest.test" time="0.894"/>
	<testcase classname="&lt;unknown&gt;" name="./pcache.py:PcacheTest.test" time="1.567"/>
	<testcase classname="&lt;unknown&gt;" name="./pcache.py:PcacheTest.test" time="0.668"/>
	<testcase classname="&lt;unknown&gt;" name="./pcache.py:PcacheTest.test" time="0.829"/>
	<testcase classname="&lt;unknown&gt;" name="./pcache.py:PcacheTest.test" time="0.862"/>
	<testcase classname="&lt;unknown&gt;" name="./pcache.py:PcacheTest.test" time="0.819"/>
	<testcase classname="&lt;unknown&gt;" name="./pcache.py:PcacheTest.test" time="0.882"/>
	<testcase classname="&lt;unknown&gt;" name="./pcache.py:PcacheTest.test" time="1.550"/>
	<testcase classname="&lt;unknown&gt;" name="./pcache.py:PcacheTest.test" time="0.654"/>
	<testcase classname="&lt;unknown&gt;" name="./pcache.py:PcacheTest.test" time="0.844"/>
	<testcase classname="&lt;unknown&gt;" name="./pcache.py:PcacheTest.test" time="0.880"/>
	<testcase classname="&lt;unknown&gt;" name="./pcache.py:PcacheTest.test" time="0.655"/>
	<testcase classname="&lt;unknown&gt;" name="./pcache.py:PcacheTest.test" time="0.697"/>
	<testcase classname="&lt;unknown&gt;" name="./pcache.py:PcacheTest.test" time="1.604"/>
	<testcase classname="&lt;unknown&gt;" name="./pcache.py:PcacheTest.test" time="0.662"/>
</testsuite>
