<?xml version="1.0" encoding="UTF-8"?>
<testsuite name="job-2025-08-12T02.24-2be3cd4" tests="96" errors="0" failures="0" skipped="0" time="5914.938" timestamp="2025-08-12T04:04:34.767181">
	<testcase classname="&lt;unknown&gt;" name="./pcache.py:PcacheTest.test" time="2.302"/>
	<testcase classname="&lt;unknown&gt;" name="./pcache.py:PcacheTest.test" time="1170.233"/>
	<testcase classname="&lt;unknown&gt;" name="./pcache.py:PcacheTest.test" time="81.049"/>
	<testcase classname="&lt;unknown&gt;" name="./pcache.py:PcacheTest.test" time="40.057"/>
	<testcase classname="&lt;unknown&gt;" name="./pcache.py:PcacheTest.test" time="3.607"/>
	<testcase classname="&lt;unknown&gt;" name="./pcache.py:PcacheTest.test" time="77.875"/>
	<testcase classname="&lt;unknown&gt;" name="./pcache.py:PcacheTest.test" time="2.359"/>
	<testcase classname="&lt;unknown&gt;" name="./pcache.py:PcacheTest.test" time="1160.066"/>
	<testcase classname="&lt;unknown&gt;" name="./pcache.py:PcacheTest.test" time="83.636"/>
	<testcase classname="&lt;unknown&gt;" name="./pcache.py:PcacheTest.test" time="39.724"/>
	<testcase classname="&lt;unknown&gt;" name="./pcache.py:PcacheTest.test" time="3.673"/>
	<testcase classname="&lt;unknown&gt;" name="./pcache.py:PcacheTest.test" time="73.691"/>
	<testcase classname="&lt;unknown&gt;" name="./pcache.py:PcacheTest.test" time="2.419"/>
	<testcase classname="&lt;unknown&gt;" name="./pcache.py:PcacheTest.test" time="1334.364"/>
	<testcase classname="&lt;unknown&gt;" name="./pcache.py:PcacheTest.test" time="80.955"/>
	<testcase classname="&lt;unknown&gt;" name="./pcache.py:PcacheTest.test" time="40.355"/>
	<testcase classname="&lt;unknown&gt;" name="./pcache.py:PcacheTest.test" time="3.654"/>
	<testcase classname="&lt;unknown&gt;" name="./pcache.py:PcacheTest.test" time="77.971"/>
	<testcase classname="&lt;unknown&gt;" name="./pcache.py:PcacheTest.test" time="2.415"/>
	<testcase classname="&lt;unknown&gt;" name="./pcache.py:PcacheTest.test" time="1360.389"/>
	<testcase classname="&lt;unknown&gt;" name="./pcache.py:PcacheTest.test" time="80.136"/>
	<testcase classname="&lt;unknown&gt;" name="./pcache.py:PcacheTest.test" time="39.892"/>
	<testcase classname="&lt;unknown&gt;" name="./pcache.py:PcacheTest.test" time="3.577"/>
	<testcase classname="&lt;unknown&gt;" name="./pcache.py:PcacheTest.test" time="74.306"/>
	<testcase classname="&lt;unknown&gt;" name="./pcache.py:PcacheTest.test" time="1.287"/>
	<testcase classname="&lt;unknown&gt;" name="./pcache.py:PcacheTest.test" time="0.773"/>
	<testcase classname="&lt;unknown&gt;" name="./pcache.py:PcacheTest.test" time="1.050"/>
	<testcase classname="&lt;unknown&gt;" name="./pcache.py:PcacheTest.test" time="0.796"/>
	<testcase classname="&lt;unknown&gt;" name="./pcache.py:PcacheTest.test" time="1.701"/>
	<testcase classname="&lt;unknown&gt;" name="./pcache.py:PcacheTest.test" time="0.644"/>
	<testcase classname="&lt;unknown&gt;" name="./pcache.py:PcacheTest.test" time="1.363"/>
	<testcase classname="&lt;unknown&gt;" name="./pcache.py:PcacheTest.test" time="0.776"/>
	<testcase classname="&lt;unknown&gt;" name="./pcache.py:PcacheTest.test" time="1.045"/>
	<testcase classname="&lt;unknown&gt;" name="./pcache.py:PcacheTest.test" time="0.784"/>
	<testcase classname="&lt;unknown&gt;" name="./pcache.py:PcacheTest.test" time="1.716"/>
	<testcase classname="&lt;unknown&gt;" name="./pcache.py:PcacheTest.test" time="0.671"/>
	<testcase classname="&lt;unknown&gt;" name="./pcache.py:PcacheTest.test" time="1.351"/>
	<testcase classname="&lt;unknown&gt;" name="./pcache.py:PcacheTest.test" time="0.751"/>
	<testcase classname="&lt;unknown&gt;" name="./pcache.py:PcacheTest.test" time="1.044"/>
	<testcase classname="&lt;unknown&gt;" name="./pcache.py:PcacheTest.test" time="0.816"/>
	<testcase classname="&lt;unknown&gt;" name="./pcache.py:PcacheTest.test" time="1.731"/>
	<testcase classname="&lt;unknown&gt;" name="./pcache.py:PcacheTest.test" time="0.657"/>
	<testcase classname="&lt;unknown&gt;" name="./pcache.py:PcacheTest.test" time="1.334"/>
	<testcase classname="&lt;unknown&gt;" name="./pcache.py:PcacheTest.test" time="0.747"/>
	<testcase classname="&lt;unknown&gt;" name="./pcache.py:PcacheTest.test" time="1.054"/>
	<testcase classname="&lt;unknown&gt;" name="./pcache.py:PcacheTest.test" time="0.818"/>
	<testcase classname="&lt;unknown&gt;" name="./pcache.py:PcacheTest.test" time="1.692"/>
	<testcase classname="&lt;unknown&gt;" name="./pcache.py:PcacheTest.test" time="0.666"/>
	<testcase classname="&lt;unknown&gt;" name="./pcache.py:PcacheTest.test" time="1.362"/>
	<testcase classname="&lt;unknown&gt;" name="./pcache.py:PcacheTest.test" time="0.761"/>
	<testcase classname="&lt;unknown&gt;" name="./pcache.py:PcacheTest.test" time="1.020"/>
	<testcase classname="&lt;unknown&gt;" name="./pcache.py:PcacheTest.test" time="0.767"/>
	<testcase classname="&lt;unknown&gt;" name="./pcache.py:PcacheTest.test" time="1.687"/>
	<testcase classname="&lt;unknown&gt;" name="./pcache.py:PcacheTest.test" time="0.675"/>
	<testcase classname="&lt;unknown&gt;" name="./pcache.py:PcacheTest.test" time="1.361"/>
	<testcase classname="&lt;unknown&gt;" name="./pcache.py:PcacheTest.test" time="0.777"/>
	<testcase classname="&lt;unknown&gt;" name="./pcache.py:PcacheTest.test" time="1.033"/>
	<testcase classname="&lt;unknown&gt;" name="./pcache.py:PcacheTest.test" time="0.793"/>
	<testcase classname="&lt;unknown&gt;" name="./pcache.py:PcacheTest.test" time="1.680"/>
	<testcase classname="&lt;unknown&gt;" name="./pcache.py:PcacheTest.test" time="0.681"/>
	<testcase classname="&lt;unknown&gt;" name="./pcache.py:PcacheTest.test" time="1.405"/>
	<testcase classname="&lt;unknown&gt;" name="./pcache.py:PcacheTest.test" time="0.782"/>
	<testcase classname="&lt;unknown&gt;" name="./pcache.py:PcacheTest.test" time="1.030"/>
	<testcase classname="&lt;unknown&gt;" name="./pcache.py:PcacheTest.test" time="0.798"/>
	<testcase classname="&lt;unknown&gt;" name="./pcache.py:PcacheTest.test" time="1.752"/>
	<testcase classname="&lt;unknown&gt;" name="./pcache.py:PcacheTest.test" time="0.696"/>
	<testcase classname="&lt;unknown&gt;" name="./pcache.py:PcacheTest.test" time="1.358"/>
	<testcase classname="&lt;unknown&gt;" name="./pcache.py:PcacheTest.test" time="0.765"/>
	<testcase classname="&lt;unknown&gt;" name="./pcache.py:PcacheTest.test" time="1.020"/>
	<testcase classname="&lt;unknown&gt;" name="./pcache.py:PcacheTest.test" time="0.813"/>
	<testcase classname="&lt;unknown&gt;" name="./pcache.py:PcacheTest.test" time="1.814"/>
	<testcase classname="&lt;unknown&gt;" name="./pcache.py:PcacheTest.test" time="0.689"/>
	<testcase classname="&lt;unknown&gt;" name="./pcache.py:PcacheTest.test" time="1.339"/>
	<testcase classname="&lt;unknown&gt;" name="./pcache.py:PcacheTest.test" time="0.758"/>
	<testcase classname="&lt;unknown&gt;" name="./pcache.py:PcacheTest.test" time="1.032"/>
	<testcase classname="&lt;unknown&gt;" name="./pcache.py:PcacheTest.test" time="0.790"/>
	<testcase classname="&lt;unknown&gt;" name="./pcache.py:PcacheTest.test" time="1.749"/>
	<testcase classname="&lt;unknown&gt;" name="./pcache.py:PcacheTest.test" time="0.649"/>
	<testcase classname="&lt;unknown&gt;" name="./pcache.py:PcacheTest.test" time="1.369"/>
	<testcase classname="&lt;unknown&gt;" name="./pcache.py:PcacheTest.test" time="0.757"/>
	<testcase classname="&lt;unknown&gt;" name="./pcache.py:PcacheTest.test" time="1.032"/>
	<testcase classname="&lt;unknown&gt;" name="./pcache.py:PcacheTest.test" time="0.779"/>
	<testcase classname="&lt;unknown&gt;" name="./pcache.py:PcacheTest.test" time="1.806"/>
	<testcase classname="&lt;unknown&gt;" name="./pcache.py:PcacheTest.test" time="0.653"/>
	<testcase classname="&lt;unknown&gt;" name="./pcache.py:PcacheTest.test" time="1.388"/>
	<testcase classname="&lt;unknown&gt;" name="./pcache.py:PcacheTest.test" time="0.763"/>
	<testcase classname="&lt;unknown&gt;" name="./pcache.py:PcacheTest.test" time="1.037"/>
	<testcase classname="&lt;unknown&gt;" name="./pcache.py:PcacheTest.test" time="0.817"/>
	<testcase classname="&lt;unknown&gt;" name="./pcache.py:PcacheTest.test" time="1.768"/>
	<testcase classname="&lt;unknown&gt;" name="./pcache.py:PcacheTest.test" time="0.640"/>
	<testcase classname="&lt;unknown&gt;" name="./pcache.py:PcacheTest.test" time="1.361"/>
	<testcase classname="&lt;unknown&gt;" name="./pcache.py:PcacheTest.test" time="0.744"/>
	<testcase classname="&lt;unknown&gt;" name="./pcache.py:PcacheTest.test" time="1.012"/>
	<testcase classname="&lt;unknown&gt;" name="./pcache.py:PcacheTest.test" time="0.779"/>
	<testcase classname="&lt;unknown&gt;" name="./pcache.py:PcacheTest.test" time="1.773"/>
	<testcase classname="&lt;unknown&gt;" name="./pcache.py:PcacheTest.test" time="0.654"/>
</testsuite>
