<?xml version="1.0" encoding="UTF-8"?>
<testsuite name="job-2025-08-03T13.33-3197a4b" tests="80" errors="0" failures="0" skipped="0" time="5860.161" timestamp="2025-08-03T15:12:13.952049">
	<testcase classname="&lt;unknown&gt;" name="./pcache.py:PcacheTest.test" time="1.050"/>
	<testcase classname="&lt;unknown&gt;" name="./pcache.py:PcacheTest.test" time="1252.233"/>
	<testcase classname="&lt;unknown&gt;" name="./pcache.py:PcacheTest.test" time="75.345"/>
	<testcase classname="&lt;unknown&gt;" name="./pcache.py:PcacheTest.test" time="41.416"/>
	<testcase classname="&lt;unknown&gt;" name="./pcache.py:PcacheTest.test" time="3.706"/>
	<testcase classname="&lt;unknown&gt;" name="./pcache.py:PcacheTest.test" time="1.477"/>
	<testcase classname="&lt;unknown&gt;" name="./pcache.py:PcacheTest.test" time="1588.379"/>
	<testcase classname="&lt;unknown&gt;" name="./pcache.py:PcacheTest.test" time="74.019"/>
	<testcase classname="&lt;unknown&gt;" name="./pcache.py:PcacheTest.test" time="41.888"/>
	<testcase classname="&lt;unknown&gt;" name="./pcache.py:PcacheTest.test" time="4.109"/>
	<testcase classname="&lt;unknown&gt;" name="./pcache.py:PcacheTest.test" time="1.520"/>
	<testcase classname="&lt;unknown&gt;" name="./pcache.py:PcacheTest.test" time="1217.568"/>
	<testcase classname="&lt;unknown&gt;" name="./pcache.py:PcacheTest.test" time="75.426"/>
	<testcase classname="&lt;unknown&gt;" name="./pcache.py:PcacheTest.test" time="40.972"/>
	<testcase classname="&lt;unknown&gt;" name="./pcache.py:PcacheTest.test" time="4.034"/>
	<testcase classname="&lt;unknown&gt;" name="./pcache.py:PcacheTest.test" time="1.501"/>
	<testcase classname="&lt;unknown&gt;" name="./pcache.py:PcacheTest.test" time="1256.570"/>
	<testcase classname="&lt;unknown&gt;" name="./pcache.py:PcacheTest.test" time="74.520"/>
	<testcase classname="&lt;unknown&gt;" name="./pcache.py:PcacheTest.test" time="41.404"/>
	<testcase classname="&lt;unknown&gt;" name="./pcache.py:PcacheTest.test" time="3.646"/>
	<testcase classname="&lt;unknown&gt;" name="./pcache.py:PcacheTest.test" time="0.788"/>
	<testcase classname="&lt;unknown&gt;" name="./pcache.py:PcacheTest.test" time="0.939"/>
	<testcase classname="&lt;unknown&gt;" name="./pcache.py:PcacheTest.test" time="0.876"/>
	<testcase classname="&lt;unknown&gt;" name="./pcache.py:PcacheTest.test" time="0.917"/>
	<testcase classname="&lt;unknown&gt;" name="./pcache.py:PcacheTest.test" time="1.618"/>
	<testcase classname="&lt;unknown&gt;" name="./pcache.py:PcacheTest.test" time="0.740"/>
	<testcase classname="&lt;unknown&gt;" name="./pcache.py:PcacheTest.test" time="0.733"/>
	<testcase classname="&lt;unknown&gt;" name="./pcache.py:PcacheTest.test" time="0.874"/>
	<testcase classname="&lt;unknown&gt;" name="./pcache.py:PcacheTest.test" time="0.726"/>
	<testcase classname="&lt;unknown&gt;" name="./pcache.py:PcacheTest.test" time="1.647"/>
	<testcase classname="&lt;unknown&gt;" name="./pcache.py:PcacheTest.test" time="0.765"/>
	<testcase classname="&lt;unknown&gt;" name="./pcache.py:PcacheTest.test" time="0.894"/>
	<testcase classname="&lt;unknown&gt;" name="./pcache.py:PcacheTest.test" time="0.878"/>
	<testcase classname="&lt;unknown&gt;" name="./pcache.py:PcacheTest.test" time="0.908"/>
	<testcase classname="&lt;unknown&gt;" name="./pcache.py:PcacheTest.test" time="1.486"/>
	<testcase classname="&lt;unknown&gt;" name="./pcache.py:PcacheTest.test" time="0.769"/>
	<testcase classname="&lt;unknown&gt;" name="./pcache.py:PcacheTest.test" time="0.952"/>
	<testcase classname="&lt;unknown&gt;" name="./pcache.py:PcacheTest.test" time="0.872"/>
	<testcase classname="&lt;unknown&gt;" name="./pcache.py:PcacheTest.test" time="0.874"/>
	<testcase classname="&lt;unknown&gt;" name="./pcache.py:PcacheTest.test" time="1.627"/>
	<testcase classname="&lt;unknown&gt;" name="./pcache.py:PcacheTest.test" time="0.617"/>
	<testcase classname="&lt;unknown&gt;" name="./pcache.py:PcacheTest.test" time="0.763"/>
	<testcase classname="&lt;unknown&gt;" name="./pcache.py:PcacheTest.test" time="0.852"/>
	<testcase classname="&lt;unknown&gt;" name="./pcache.py:PcacheTest.test" time="0.749"/>
	<testcase classname="&lt;unknown&gt;" name="./pcache.py:PcacheTest.test" time="1.665"/>
	<testcase classname="&lt;unknown&gt;" name="./pcache.py:PcacheTest.test" time="0.771"/>
	<testcase classname="&lt;unknown&gt;" name="./pcache.py:PcacheTest.test" time="0.922"/>
	<testcase classname="&lt;unknown&gt;" name="./pcache.py:PcacheTest.test" time="0.874"/>
	<testcase classname="&lt;unknown&gt;" name="./pcache.py:PcacheTest.test" time="0.754"/>
	<testcase classname="&lt;unknown&gt;" name="./pcache.py:PcacheTest.test" time="1.643"/>
	<testcase classname="&lt;unknown&gt;" name="./pcache.py:PcacheTest.test" time="0.780"/>
	<testcase classname="&lt;unknown&gt;" name="./pcache.py:PcacheTest.test" time="0.900"/>
	<testcase classname="&lt;unknown&gt;" name="./pcache.py:PcacheTest.test" time="0.883"/>
	<testcase classname="&lt;unknown&gt;" name="./pcache.py:PcacheTest.test" time="0.918"/>
	<testcase classname="&lt;unknown&gt;" name="./pcache.py:PcacheTest.test" time="1.644"/>
	<testcase classname="&lt;unknown&gt;" name="./pcache.py:PcacheTest.test" time="0.771"/>
	<testcase classname="&lt;unknown&gt;" name="./pcache.py:PcacheTest.test" time="0.893"/>
	<testcase classname="&lt;unknown&gt;" name="./pcache.py:PcacheTest.test" time="0.883"/>
	<testcase classname="&lt;unknown&gt;" name="./pcache.py:PcacheTest.test" time="0.873"/>
	<testcase classname="&lt;unknown&gt;" name="./pcache.py:PcacheTest.test" time="1.616"/>
	<testcase classname="&lt;unknown&gt;" name="./pcache.py:PcacheTest.test" time="0.757"/>
	<testcase classname="&lt;unknown&gt;" name="./pcache.py:PcacheTest.test" time="0.864"/>
	<testcase classname="&lt;unknown&gt;" name="./pcache.py:PcacheTest.test" time="0.849"/>
	<testcase classname="&lt;unknown&gt;" name="./pcache.py:PcacheTest.test" time="0.728"/>
	<testcase classname="&lt;unknown&gt;" name="./pcache.py:PcacheTest.test" time="1.614"/>
	<testcase classname="&lt;unknown&gt;" name="./pcache.py:PcacheTest.test" time="0.744"/>
	<testcase classname="&lt;unknown&gt;" name="./pcache.py:PcacheTest.test" time="0.869"/>
	<testcase classname="&lt;unknown&gt;" name="./pcache.py:PcacheTest.test" time="0.886"/>
	<testcase classname="&lt;unknown&gt;" name="./pcache.py:PcacheTest.test" time="0.951"/>
	<testcase classname="&lt;unknown&gt;" name="./pcache.py:PcacheTest.test" time="1.631"/>
	<testcase classname="&lt;unknown&gt;" name="./pcache.py:PcacheTest.test" time="0.774"/>
	<testcase classname="&lt;unknown&gt;" name="./pcache.py:PcacheTest.test" time="0.892"/>
	<testcase classname="&lt;unknown&gt;" name="./pcache.py:PcacheTest.test" time="0.879"/>
	<testcase classname="&lt;unknown&gt;" name="./pcache.py:PcacheTest.test" time="0.944"/>
	<testcase classname="&lt;unknown&gt;" name="./pcache.py:PcacheTest.test" time="1.639"/>
	<testcase classname="&lt;unknown&gt;" name="./pcache.py:PcacheTest.test" time="0.758"/>
	<testcase classname="&lt;unknown&gt;" name="./pcache.py:PcacheTest.test" time="0.849"/>
	<testcase classname="&lt;unknown&gt;" name="./pcache.py:PcacheTest.test" time="0.701"/>
	<testcase classname="&lt;unknown&gt;" name="./pcache.py:PcacheTest.test" time="0.935"/>
	<testcase classname="&lt;unknown&gt;" name="./pcache.py:PcacheTest.test" time="1.458"/>
</testsuite>
