<?xml version="1.0" encoding="UTF-8"?>
<testsuite name="job-2024-07-09T10.52-b60437e" tests="145" errors="0" failures="0" skipped="0" time="6821.310" timestamp="2024-07-09T12:56:21.919680">
	<testcase classname="&lt;unknown&gt;" name="xfstests.py:Xfstests.test" time="5298.236"/>
	<testcase classname="&lt;unknown&gt;" name="fio.py:Fiotest.test" time="10.894"/>
	<testcase classname="&lt;unknown&gt;" name="fio.py:Fiotest.test" time="10.629"/>
	<testcase classname="&lt;unknown&gt;" name="fio.py:Fiotest.test" time="10.539"/>
	<testcase classname="&lt;unknown&gt;" name="fio.py:Fiotest.test" time="10.590"/>
	<testcase classname="&lt;unknown&gt;" name="fio.py:Fiotest.test" time="10.539"/>
	<testcase classname="&lt;unknown&gt;" name="fio.py:Fiotest.test" time="10.610"/>
	<testcase classname="&lt;unknown&gt;" name="fio.py:Fiotest.test" time="10.543"/>
	<testcase classname="&lt;unknown&gt;" name="fio.py:Fiotest.test" time="10.549"/>
	<testcase classname="&lt;unknown&gt;" name="fio.py:Fiotest.test" time="10.538"/>
	<testcase classname="&lt;unknown&gt;" name="fio.py:Fiotest.test" time="10.576"/>
	<testcase classname="&lt;unknown&gt;" name="fio.py:Fiotest.test" time="10.534"/>
	<testcase classname="&lt;unknown&gt;" name="fio.py:Fiotest.test" time="10.587"/>
	<testcase classname="&lt;unknown&gt;" name="fio.py:Fiotest.test" time="10.544"/>
	<testcase classname="&lt;unknown&gt;" name="fio.py:Fiotest.test" time="10.569"/>
	<testcase classname="&lt;unknown&gt;" name="fio.py:Fiotest.test" time="10.532"/>
	<testcase classname="&lt;unknown&gt;" name="fio.py:Fiotest.test" time="10.575"/>
	<testcase classname="&lt;unknown&gt;" name="fio.py:Fiotest.test" time="10.538"/>
	<testcase classname="&lt;unknown&gt;" name="fio.py:Fiotest.test" time="10.571"/>
	<testcase classname="&lt;unknown&gt;" name="fio.py:Fiotest.test" time="10.533"/>
	<testcase classname="&lt;unknown&gt;" name="fio.py:Fiotest.test" time="10.596"/>
	<testcase classname="&lt;unknown&gt;" name="fio.py:Fiotest.test" time="10.545"/>
	<testcase classname="&lt;unknown&gt;" name="fio.py:Fiotest.test" time="10.608"/>
	<testcase classname="&lt;unknown&gt;" name="fio.py:Fiotest.test" time="10.573"/>
	<testcase classname="&lt;unknown&gt;" name="fio.py:Fiotest.test" time="10.621"/>
	<testcase classname="&lt;unknown&gt;" name="fio.py:Fiotest.test" time="10.567"/>
	<testcase classname="&lt;unknown&gt;" name="fio.py:Fiotest.test" time="10.598"/>
	<testcase classname="&lt;unknown&gt;" name="fio.py:Fiotest.test" time="10.535"/>
	<testcase classname="&lt;unknown&gt;" name="fio.py:Fiotest.test" time="10.589"/>
	<testcase classname="&lt;unknown&gt;" name="fio.py:Fiotest.test" time="10.546"/>
	<testcase classname="&lt;unknown&gt;" name="fio.py:Fiotest.test" time="10.586"/>
	<testcase classname="&lt;unknown&gt;" name="fio.py:Fiotest.test" time="10.545"/>
	<testcase classname="&lt;unknown&gt;" name="fio.py:Fiotest.test" time="10.591"/>
	<testcase classname="&lt;unknown&gt;" name="fio.py:Fiotest.test" time="10.548"/>
	<testcase classname="&lt;unknown&gt;" name="fio.py:Fiotest.test" time="10.588"/>
	<testcase classname="&lt;unknown&gt;" name="fio.py:Fiotest.test" time="10.537"/>
	<testcase classname="&lt;unknown&gt;" name="fio.py:Fiotest.test" time="10.620"/>
	<testcase classname="&lt;unknown&gt;" name="fio.py:Fiotest.test" time="10.528"/>
	<testcase classname="&lt;unknown&gt;" name="fio.py:Fiotest.test" time="10.572"/>
	<testcase classname="&lt;unknown&gt;" name="fio.py:Fiotest.test" time="10.541"/>
	<testcase classname="&lt;unknown&gt;" name="fio.py:Fiotest.test" time="10.606"/>
	<testcase classname="&lt;unknown&gt;" name="fio.py:Fiotest.test" time="10.544"/>
	<testcase classname="&lt;unknown&gt;" name="fio.py:Fiotest.test" time="10.583"/>
	<testcase classname="&lt;unknown&gt;" name="fio.py:Fiotest.test" time="10.561"/>
	<testcase classname="&lt;unknown&gt;" name="fio.py:Fiotest.test" time="10.652"/>
	<testcase classname="&lt;unknown&gt;" name="fio.py:Fiotest.test" time="10.613"/>
	<testcase classname="&lt;unknown&gt;" name="fio.py:Fiotest.test" time="10.633"/>
	<testcase classname="&lt;unknown&gt;" name="fio.py:Fiotest.test" time="10.616"/>
	<testcase classname="&lt;unknown&gt;" name="fio.py:Fiotest.test" time="10.710"/>
	<testcase classname="&lt;unknown&gt;" name="fio.py:Fiotest.test" time="10.530"/>
	<testcase classname="&lt;unknown&gt;" name="fio.py:Fiotest.test" time="10.629"/>
	<testcase classname="&lt;unknown&gt;" name="fio.py:Fiotest.test" time="10.541"/>
	<testcase classname="&lt;unknown&gt;" name="fio.py:Fiotest.test" time="10.603"/>
	<testcase classname="&lt;unknown&gt;" name="fio.py:Fiotest.test" time="10.570"/>
	<testcase classname="&lt;unknown&gt;" name="fio.py:Fiotest.test" time="10.575"/>
	<testcase classname="&lt;unknown&gt;" name="fio.py:Fiotest.test" time="10.547"/>
	<testcase classname="&lt;unknown&gt;" name="fio.py:Fiotest.test" time="10.566"/>
	<testcase classname="&lt;unknown&gt;" name="fio.py:Fiotest.test" time="10.562"/>
	<testcase classname="&lt;unknown&gt;" name="fio.py:Fiotest.test" time="10.579"/>
	<testcase classname="&lt;unknown&gt;" name="fio.py:Fiotest.test" time="10.545"/>
	<testcase classname="&lt;unknown&gt;" name="fio.py:Fiotest.test" time="10.585"/>
	<testcase classname="&lt;unknown&gt;" name="fio.py:Fiotest.test" time="10.542"/>
	<testcase classname="&lt;unknown&gt;" name="fio.py:Fiotest.test" time="10.602"/>
	<testcase classname="&lt;unknown&gt;" name="fio.py:Fiotest.test" time="10.535"/>
	<testcase classname="&lt;unknown&gt;" name="fio.py:Fiotest.test" time="10.604"/>
	<testcase classname="&lt;unknown&gt;" name="fio.py:Fiotest.test" time="10.562"/>
	<testcase classname="&lt;unknown&gt;" name="fio.py:Fiotest.test" time="10.571"/>
	<testcase classname="&lt;unknown&gt;" name="fio.py:Fiotest.test" time="10.547"/>
	<testcase classname="&lt;unknown&gt;" name="fio.py:Fiotest.test" time="10.597"/>
	<testcase classname="&lt;unknown&gt;" name="fio.py:Fiotest.test" time="10.578"/>
	<testcase classname="&lt;unknown&gt;" name="fio.py:Fiotest.test" time="10.602"/>
	<testcase classname="&lt;unknown&gt;" name="fio.py:Fiotest.test" time="10.562"/>
	<testcase classname="&lt;unknown&gt;" name="fio.py:Fiotest.test" time="10.613"/>
	<testcase classname="&lt;unknown&gt;" name="fio.py:Fiotest.test" time="10.536"/>
	<testcase classname="&lt;unknown&gt;" name="fio.py:Fiotest.test" time="10.602"/>
	<testcase classname="&lt;unknown&gt;" name="fio.py:Fiotest.test" time="10.536"/>
	<testcase classname="&lt;unknown&gt;" name="fio.py:Fiotest.test" time="10.570"/>
	<testcase classname="&lt;unknown&gt;" name="fio.py:Fiotest.test" time="10.552"/>
	<testcase classname="&lt;unknown&gt;" name="fio.py:Fiotest.test" time="10.578"/>
	<testcase classname="&lt;unknown&gt;" name="fio.py:Fiotest.test" time="10.540"/>
	<testcase classname="&lt;unknown&gt;" name="fio.py:Fiotest.test" time="10.586"/>
	<testcase classname="&lt;unknown&gt;" name="fio.py:Fiotest.test" time="10.546"/>
	<testcase classname="&lt;unknown&gt;" name="fio.py:Fiotest.test" time="10.575"/>
	<testcase classname="&lt;unknown&gt;" name="fio.py:Fiotest.test" time="10.531"/>
	<testcase classname="&lt;unknown&gt;" name="fio.py:Fiotest.test" time="10.602"/>
	<testcase classname="&lt;unknown&gt;" name="fio.py:Fiotest.test" time="10.550"/>
	<testcase classname="&lt;unknown&gt;" name="fio.py:Fiotest.test" time="10.576"/>
	<testcase classname="&lt;unknown&gt;" name="fio.py:Fiotest.test" time="10.570"/>
	<testcase classname="&lt;unknown&gt;" name="fio.py:Fiotest.test" time="10.567"/>
	<testcase classname="&lt;unknown&gt;" name="fio.py:Fiotest.test" time="10.579"/>
	<testcase classname="&lt;unknown&gt;" name="fio.py:Fiotest.test" time="10.596"/>
	<testcase classname="&lt;unknown&gt;" name="fio.py:Fiotest.test" time="10.553"/>
	<testcase classname="&lt;unknown&gt;" name="fio.py:Fiotest.test" time="10.581"/>
	<testcase classname="&lt;unknown&gt;" name="fio.py:Fiotest.test" time="10.555"/>
	<testcase classname="&lt;unknown&gt;" name="fio.py:Fiotest.test" time="10.583"/>
	<testcase classname="&lt;unknown&gt;" name="fio.py:Fiotest.test" time="10.666"/>
	<testcase classname="&lt;unknown&gt;" name="fio.py:Fiotest.test" time="10.661"/>
	<testcase classname="&lt;unknown&gt;" name="fio.py:Fiotest.test" time="10.534"/>
	<testcase classname="&lt;unknown&gt;" name="fio.py:Fiotest.test" time="10.580"/>
	<testcase classname="&lt;unknown&gt;" name="fio.py:Fiotest.test" time="10.527"/>
	<testcase classname="&lt;unknown&gt;" name="fio.py:Fiotest.test" time="10.612"/>
	<testcase classname="&lt;unknown&gt;" name="fio.py:Fiotest.test" time="10.537"/>
	<testcase classname="&lt;unknown&gt;" name="fio.py:Fiotest.test" time="10.580"/>
	<testcase classname="&lt;unknown&gt;" name="fio.py:Fiotest.test" time="10.548"/>
	<testcase classname="&lt;unknown&gt;" name="fio.py:Fiotest.test" time="10.569"/>
	<testcase classname="&lt;unknown&gt;" name="fio.py:Fiotest.test" time="10.560"/>
	<testcase classname="&lt;unknown&gt;" name="fio.py:Fiotest.test" time="10.569"/>
	<testcase classname="&lt;unknown&gt;" name="fio.py:Fiotest.test" time="10.544"/>
	<testcase classname="&lt;unknown&gt;" name="fio.py:Fiotest.test" time="10.593"/>
	<testcase classname="&lt;unknown&gt;" name="fio.py:Fiotest.test" time="10.539"/>
	<testcase classname="&lt;unknown&gt;" name="fio.py:Fiotest.test" time="10.600"/>
	<testcase classname="&lt;unknown&gt;" name="fio.py:Fiotest.test" time="10.556"/>
	<testcase classname="&lt;unknown&gt;" name="fio.py:Fiotest.test" time="10.629"/>
	<testcase classname="&lt;unknown&gt;" name="fio.py:Fiotest.test" time="10.567"/>
	<testcase classname="&lt;unknown&gt;" name="fio.py:Fiotest.test" time="10.576"/>
	<testcase classname="&lt;unknown&gt;" name="fio.py:Fiotest.test" time="10.544"/>
	<testcase classname="&lt;unknown&gt;" name="fio.py:Fiotest.test" time="10.586"/>
	<testcase classname="&lt;unknown&gt;" name="fio.py:Fiotest.test" time="10.542"/>
	<testcase classname="&lt;unknown&gt;" name="fio.py:Fiotest.test" time="10.618"/>
	<testcase classname="&lt;unknown&gt;" name="fio.py:Fiotest.test" time="10.601"/>
	<testcase classname="&lt;unknown&gt;" name="fio.py:Fiotest.test" time="10.678"/>
	<testcase classname="&lt;unknown&gt;" name="fio.py:Fiotest.test" time="10.535"/>
	<testcase classname="&lt;unknown&gt;" name="fio.py:Fiotest.test" time="10.607"/>
	<testcase classname="&lt;unknown&gt;" name="fio.py:Fiotest.test" time="10.537"/>
	<testcase classname="&lt;unknown&gt;" name="fio.py:Fiotest.test" time="10.555"/>
	<testcase classname="&lt;unknown&gt;" name="fio.py:Fiotest.test" time="10.553"/>
	<testcase classname="&lt;unknown&gt;" name="fio.py:Fiotest.test" time="10.575"/>
	<testcase classname="&lt;unknown&gt;" name="fio.py:Fiotest.test" time="10.534"/>
	<testcase classname="&lt;unknown&gt;" name="fio.py:Fiotest.test" time="10.555"/>
	<testcase classname="&lt;unknown&gt;" name="fio.py:Fiotest.test" time="10.537"/>
	<testcase classname="&lt;unknown&gt;" name="fio.py:Fiotest.test" time="10.604"/>
	<testcase classname="&lt;unknown&gt;" name="fio.py:Fiotest.test" time="10.553"/>
	<testcase classname="&lt;unknown&gt;" name="fio.py:Fiotest.test" time="10.598"/>
	<testcase classname="&lt;unknown&gt;" name="fio.py:Fiotest.test" time="10.557"/>
	<testcase classname="&lt;unknown&gt;" name="fio.py:Fiotest.test" time="10.607"/>
	<testcase classname="&lt;unknown&gt;" name="fio.py:Fiotest.test" time="10.582"/>
	<testcase classname="&lt;unknown&gt;" name="fio.py:Fiotest.test" time="10.597"/>
	<testcase classname="&lt;unknown&gt;" name="fio.py:Fiotest.test" time="10.536"/>
	<testcase classname="&lt;unknown&gt;" name="fio.py:Fiotest.test" time="10.568"/>
	<testcase classname="&lt;unknown&gt;" name="fio.py:Fiotest.test" time="10.544"/>
	<testcase classname="&lt;unknown&gt;" name="fio.py:Fiotest.test" time="10.599"/>
	<testcase classname="&lt;unknown&gt;" name="fio.py:Fiotest.test" time="10.565"/>
	<testcase classname="&lt;unknown&gt;" name="fio.py:Fiotest.test" time="10.649"/>
	<testcase classname="&lt;unknown&gt;" name="fio.py:Fiotest.test" time="10.594"/>
	<testcase classname="&lt;unknown&gt;" name="fio.py:Fiotest.test" time="10.663"/>
</testsuite>
